{"numFailedTestSuites":5,"numFailedTests":10,"numPassedTestSuites":66,"numPassedTests":383,"numPendingTestSuites":0,"numPendingTests":0,"numRuntimeErrorTestSuites":1,"numTodoTests":0,"numTotalTestSuites":71,"numTotalTests":393,"openHandles":[],"snapshot":{"added":0,"didUpdate":false,"failure":false,"filesAdded":0,"filesRemoved":0,"filesRemovedList":[],"filesUnmatched":0,"filesUpdated":0,"matched":0,"total":0,"unchecked":0,"uncheckedKeysByFile":[],"unmatched":0,"updated":0},"startTime":1784961804574,"success":false,"testResults":[{"assertionResults":[{"ancestorTitles":["useCalendarEvents Hook"],"duration":21,"failing":false,"failureDetails":[],"failureMessages":[],"fullName":"useCalendarEvents Hook performs stale-while-revalidate load on mount","invocations":1,"location":null,"numPassingAsserts":2,"retryReasons":[],"startAt":1784961805465,"status":"passed","title":"performs stale-while-revalidate load on mount"},{"ancestorTitles":["useCalendarEvents Hook"],"duration":26,"failing":false,"failureDetails":[{"matcherResult":{"actual":false,"expected":true,"message":"expect(received).toBe(expected) // Object.is equality\n\nExpected: true\nReceived: false","name":"toBe","pass":false}}],"failureMessages":["Error: expect(received).toBe(expected) // Object.is equality\n\nExpected: true\nReceived: false\n    at Object.toBe (/Users/suthankan/Desktop/project_management_app/frontend/web/app/(project)/calendar/hooks/useCalendarEvents.test.ts:108:36)\n    at Promise.finally.completed (/Users/suthankan/Desktop/project_management_app/frontend/web/node_modules/jest-circus/build/jestAdapterInit.js:1557:28)\n    at new Promise (<anonymous>)\n    at callAsyncCircusFn (/Users/suthankan/Desktop/project_management_app/frontend/web/node_modules/jest-circus/build/jestAdapterInit.js:1497:10)\n    at _callCircusTest (/Users/suthankan/Desktop/project_management_app/frontend/web/node_modules/jest-circus/build/jestAdapterInit.js:1007:40)\n    at _runTest (/Users/suthankan/Desktop/project_management_app/frontend/web/node_modules/jest-circus/build/jestAdapterInit.js:947:3)\n    at /Users/suthankan/Desktop/project_management_app/frontend/web/node_modules/jest-circus/build/jestAdapterInit.js:849:7\n    at _runTestsForDescribeBlock (/Users/suthankan/Desktop/project_management_app/frontend/web/node_modules/jest-circus/build/jestAdapterInit.js:862:11)\n    at _runTestsForDescribeBlock (/Users/suthankan/Desktop/project_management_app/frontend/web/node_modules/jest-circus/build/jestAdapterInit.js:857:11)\n    at run (/Users/suthankan/Desktop/project_management_app/frontend/web/node_modules/jest-circus/build/jestAdapterInit.js:761:3)\n    at runAndTransformResultsToJestFormat (/Users/suthankan/Desktop/project_management_app/frontend/web/node_modules/jest-circus/build/jestAdapterInit.js:1918:21)\n    at jestAdapter (/Users/suthankan/Desktop/project_management_app/frontend/web/node_modules/jest-circus/build/runner.js:101:19)\n    at runTestInternal (/Users/suthankan/Desktop/project_management_app/frontend/web/node_modules/jest-runner/build/testWorker.js:275:16)\n    at runTest (/Users/suthankan/Desktop/project_management_app/frontend/web/node_modules/jest-runner/build/testWorker.js:343:7)\n    at Object.worker (/Users/suthankan/Desktop/project_management_app/frontend/web/node_modules/jest-runner/build/testWorker.js:497:12)"],"fullName":"useCalendarEvents Hook falls back to network fetch when no cache exists","invocations":1,"location":null,"numPassingAsserts":0,"retryReasons":[],"startAt":1784961805486,"status":"failed","title":"falls back to network fetch when no cache exists"},{"ancestorTitles":["useCalendarEvents Hook"],"duration":7,"failing":false,"failureDetails":[],"failureMessages":[],"fullName":"useCalendarEvents Hook appendEvent appends task and updates session cache without network refetch","invocations":1,"location":null,"numPassingAsserts":3,"retryReasons":[],"startAt":1784961805522,"status":"passed","title":"appendEvent appends task and updates session cache without network refetch"},{"ancestorTitles":["useCalendarEvents Hook"],"duration":8,"failing":false,"failureDetails":[],"failureMessages":[],"fullName":"useCalendarEvents Hook patchEventDate optimistically updates, calls API and reverts on failure","invocations":1,"location":null,"numPassingAsserts":3,"retryReasons":[],"startAt":1784961805529,"status":"passed","title":"patchEventDate optimistically updates, calls API and reverts on failure"},{"ancestorTitles":["useCalendarEvents Hook"],"duration":8,"failing":false,"failureDetails":[],"failureMessages":[],"fullName":"useCalendarEvents Hook refreshOneTask fetches single task and updates calendar event","invocations":1,"location":null,"numPassingAsserts":2,"retryReasons":[],"startAt":1784961805537,"status":"passed","title":"refreshOneTask fetches single task and updates calendar event"},{"ancestorTitles":["useCalendarEvents Hook"],"duration":8,"failing":false,"failureDetails":[],"failureMessages":[],"fullName":"useCalendarEvents Hook WebSocket TASK_CREATED event appends task if scheduled","invocations":1,"location":null,"numPassingAsserts":1,"retryReasons":[],"startAt":1784961805546,"status":"passed","title":"WebSocket TASK_CREATED event appends task if scheduled"},{"ancestorTitles":["useCalendarEvents Hook"],"duration":12,"failing":false,"failureDetails":[],"failureMessages":[],"fullName":"useCalendarEvents Hook WebSocket TASK_UPDATED event upserts task scheduled updates, and removes unscheduled/archived updates","invocations":1,"location":null,"numPassingAsserts":2,"retryReasons":[],"startAt":1784961805554,"status":"passed","title":"WebSocket TASK_UPDATED event upserts task scheduled updates, and removes unscheduled/archived updates"},{"ancestorTitles":["useCalendarEvents Hook"],"duration":5,"failing":false,"failureDetails":[],"failureMessages":[],"fullName":"useCalendarEvents Hook WebSocket TASK_DELETED removes event","invocations":1,"location":null,"numPassingAsserts":1,"retryReasons":[],"startAt":1784961805567,"status":"passed","title":"WebSocket TASK_DELETED removes event"}],"endTime":1784961805583,"message":"  ● useCalendarEvents Hook › falls back to network fetch when no cache exists\n\n    expect(received).toBe(expected) // Object.is equality\n\n    Expected: true\n    Received: false\n\n      106 |     const { result } = renderHook(() => useCalendarEvents('123'));\n      107 |\n    > 108 |     expect(result.current.loading).toBe(true);\n          |                                    ^\n      109 |\n      110 |     await act(async () => {\n      111 |       await new Promise((resolve) => setTimeout(resolve, 0));\n\n      at Object.toBe (/Users/suthankan/Desktop/project_management_app/frontend/web/app/(project)../../../../../../calendar/hooks/useCalendarEvents.test.ts:108:36)\n","name":"/Users/suthankan/Desktop/project_management_app/frontend/web/app/(project)/calendar/hooks/useCalendarEvents.test.ts","startTime":1784961805193,"status":"failed","summary":""},{"assertionResults":[],"coverage":{},"endTime":1784961809856,"message":"  ● Test suite failed to run\n\n    TypeError: Class extends value undefined is not a constructor or null\n\n      3 | type ApiFixture = {\n      4 |   tasks: Array<Record<string, unknown>>;\n    > 5 |   sentChatMessages: string[];\n        |               ^\n      6 | };\n      7 |\n      8 | const futureJwt = [\n\n      at Object.<anonymous> (node_modules/playwright-core/lib/utilsBundle.js:88886:15)\n      at packages/utils/comparators.ts (node_modules/playwright-core/lib/coreBundle.js:7614:14)\n      at __init (node_modules/playwright-core/lib/coreBundle.js:11:58)\n      at packages/utils/index.ts (node_modules/playwright-core/lib/coreBundle.js:10654:5)\n      at __init (node_modules/playwright-core/lib/coreBundle.js:11:58)\n      at packages/playwright-core/src/coreBundle.ts (node_modules/playwright-core/lib/coreBundle.js:74790:5)\n      at __init (node_modules/playwright-core/lib/coreBundle.js:11:58)\n      at Object.<anonymous> (node_modules/playwright-core/lib/coreBundle.js:74803:1)\n      at Object.<anonymous> (node_modules/playwright-core/index.js:17:18)\n      at Object.<anonymous> (node_modules/playwright/lib/index.js:42:33)\n      at Object.<anonymous> (node_modules/playwright/test.js:17:13)\n      at Object.<anonymous> (node_modules/@playwright/test/index.js:17:18)\n      at Object.<anonymous> (tests/e2e/production-fixes.spec.ts:5:15)\n","name":"/Users/suthankan/Desktop/project_management_app/frontend/web/tests/e2e/production-fixes.spec.ts","startTime":1784961809856,"status":"failed","summary":""},{"assertionResults":[{"ancestorTitles":["TimelineView"],"duration":92,"failing":false,"failureDetails":[{"name":"TestingLibraryElementError"}],"failureMessages":["TestingLibraryElementError: Unable to find an element with the text: Build API. This could be because the text is broken up by multiple elements. In this case, you can provide a function for your text matcher to make your matcher more flexible.\n\nIgnored nodes: comments, script, style\n\u001b[36m<body>\u001b[39m\n  \u001b[36m<div>\u001b[39m\n    \u001b[36m<div\u001b[39m\n      \u001b[33mclass\u001b[39m=\u001b[32m\"space-y-4\"\u001b[39m\n    \u001b[36m>\u001b[39m\n      \u001b[36m<div\u001b[39m\n        \u001b[33mclass\u001b[39m=\u001b[32m\"rounded-xl border border-cu-border bg-cu-bg p-3 shadow-cu-sm\"\u001b[39m\n      \u001b[36m>\u001b[39m\n        \u001b[36m<div\u001b[39m\n          \u001b[33mclass\u001b[39m=\u001b[32m\"flex flex-col gap-3 xl:flex-row xl:items-center xl:justify-between\"\u001b[39m\n        \u001b[36m>\u001b[39m\n          \u001b[36m<div\u001b[39m\n            \u001b[33mclass\u001b[39m=\u001b[32m\"flex min-w-0 flex-1 flex-col gap-3 lg:flex-row lg:items-center\"\u001b[39m\n          \u001b[36m>\u001b[39m\n            \u001b[36m<div\u001b[39m\n              \u001b[33mclass\u001b[39m=\u001b[32m\"relative min-w-0 flex-1 lg:max-w-sm\"\u001b[39m\n            \u001b[36m>\u001b[39m\n              \u001b[36m<svg\u001b[39m\n                \u001b[33maria-hidden\u001b[39m=\u001b[32m\"true\"\u001b[39m\n                \u001b[33mclass\u001b[39m=\u001b[32m\"lucide lucide-search pointer-events-none absolute left-3 top-1/2 -translate-y-1/2 text-cu-text-muted\"\u001b[39m\n                \u001b[33mfill\u001b[39m=\u001b[32m\"none\"\u001b[39m\n                \u001b[33mheight\u001b[39m=\u001b[32m\"15\"\u001b[39m\n                \u001b[33mstroke\u001b[39m=\u001b[32m\"currentColor\"\u001b[39m\n                \u001b[33mstroke-linecap\u001b[39m=\u001b[32m\"round\"\u001b[39m\n                \u001b[33mstroke-linejoin\u001b[39m=\u001b[32m\"round\"\u001b[39m\n                \u001b[33mstroke-width\u001b[39m=\u001b[32m\"2\"\u001b[39m\n                \u001b[33mviewBox\u001b[39m=\u001b[32m\"0 0 24 24\"\u001b[39m\n                \u001b[33mwidth\u001b[39m=\u001b[32m\"15\"\u001b[39m\n                \u001b[33mxmlns\u001b[39m=\u001b[32m\"http://www.w3.org/2000/svg\"\u001b[39m\n              \u001b[36m>\u001b[39m\n                \u001b[36m<path\u001b[39m\n                  \u001b[33md\u001b[39m=\u001b[32m\"m21 21-4.34-4.34\"\u001b[39m\n                \u001b[36m/>\u001b[39m\n                \u001b[36m<circle\u001b[39m\n                  \u001b[33mcx\u001b[39m=\u001b[32m\"11\"\u001b[39m\n                  \u001b[33mcy\u001b[39m=\u001b[32m\"11\"\u001b[39m\n                  \u001b[33mr\u001b[39m=\u001b[32m\"8\"\u001b[39m\n                \u001b[36m/>\u001b[39m\n              \u001b[36m</svg>\u001b[39m\n              \u001b[36m<input\u001b[39m\n                \u001b[33mclass\u001b[39m=\u001b[32m\"h-10 w-full rounded-lg border border-cu-border bg-cu-bg-secondary pl-9 pr-9 text-sm text-cu-text-primary outline-none transition-colors placeholder:text-cu-text-muted focus:border-cu-primary focus:bg-cu-bg focus:ring-2 focus:ring-cu-primary/15\"\u001b[39m\n                \u001b[33mplaceholder\u001b[39m=\u001b[32m\"Search tasks, assignees, milestones\"\u001b[39m\n                \u001b[33mvalue\u001b[39m=\u001b[32m\"\"\u001b[39m\n              \u001b[36m/>\u001b[39m\n            \u001b[36m</div>\u001b[39m\n            \u001b[36m<div\u001b[39m\n              \u001b[33mclass\u001b[39m=\u001b[32m\"hidden items-center gap-2 xl:flex\"\u001b[39m\n            \u001b[36m>\u001b[39m\n              \u001b[36m<label\u001b[39m\n                \u001b[33mclass\u001b[39m=\u001b[32m\"relative inline-flex h-10 items-center rounded-lg border border-cu-border bg-cu-bg-secondary pl-3 pr-8 text-sm font-bold text-cu-text-primary transition-colors hover:bg-cu-hover\"\u001b[39m\n              \u001b[36m>\u001b[39m\n                \u001b[36m<span\u001b[39m\n                  \u001b[33mclass\u001b[39m=\u001b[32m\"mr-2 text-cu-text-muted\"\u001b[39m\n                \u001b[36m>\u001b[39m\n                  \u001b[36m<svg\u001b[39m\n                    \u001b[33maria-hidden\u001b[39m=\u001b[32m\"true\"\u001b[39m\n                    \u001b[33mclass\u001b[39m=\u001b[32m\"lucide lucide-funnel\"\u001b[39m\n                    \u001b[33mfill\u001b[39m=\u001b[32m\"none\"\u001b[39m\n                    \u001b[33mheight\u001b[39m=\u001b[32m\"15\"\u001b[39m\n                    \u001b[33mstroke\u001b[39m=\u001b[32m\"currentColor\"\u001b[39m\n                    \u001b[33mstroke-linecap\u001b[39m=\u001b[32m\"round\"\u001b[39m\n                    \u001b[33mstroke-linejoin\u001b[39m=\u001b[32m\"round\"\u001b[39m\n                    \u001b[33mstroke-width\u001b[39m=\u001b[32m\"2\"\u001b[39m\n                    \u001b[33mviewBox\u001b[39m=\u001b[32m\"0 0 24 24\"\u001b[39m\n                    \u001b[33mwidth\u001b[39m=\u001b[32m\"15\"\u001b[39m\n                    \u001b[33mxmlns\u001b[39m=\u001b[32m\"http://www.w3.org/2000/svg\"\u001b[39m\n                  \u001b[36m>\u001b[39m\n                    \u001b[36m<path\u001b[39m\n                      \u001b[33md\u001b[39m=\u001b[32m\"M10 20a1 1 0 0 0 .553.895l2 1A1 1 0 0 0 14 21v-7a2 2 0 0 1 .517-1.341L21.74 4.67A1 1 0 0 0 21 3H3a1 1 0 0 0-.742 1.67l7.225 7.989A2 2 0 0 1 10 14z\"\u001b[39m\n                    \u001b[36m/>\u001b[39m\n                  \u001b[36m</svg>\u001b[39m\n                \u001b[36m</span>\u001b[39m\n                \u001b[36m<span\u001b[39m\n                  \u001b[33mclass\u001b[39m=\u001b[32m\"sr-only\"\u001b[39m\n                \u001b[36m>\u001b[39m\n                  \u001b[0mAssignee\u001b[0m\n                \u001b[36m</span>\u001b[39m\n                \u001b[36m<select\u001b[39m\n                  \u001b[33mclass\u001b[39m=\u001b[32m\"max-w-[11rem] appearance-none bg-transparent text-sm font-bold outline-none\"\u001b[39m\n                \u001b[36m>\u001b[39m\n                  \u001b[36m<option\u001b[39m\n                    \u001b[33mvalue\u001b[39m=\u001b[32m\"\"\u001b[39m\n                  \u001b[36m>\u001b[39m\n                    \u001b[0mAll assignees\u001b[0m\n                  \u001b[36m</option>\u001b[39m\n                \u001b[36m</select>\u001b[39m\n                \u001b[36m<svg\u001b[39m\n                  \u001b[33maria-hidden\u001b[39m=\u001b[32m\"true\"\u001b[39m\n                  \u001b[33mclass\u001b[39m=\u001b[32m\"lucide lucide-chevron-down pointer-events-none absolute right-2.5 text-cu-text-muted\"\u001b[39m\n                  \u001b[33mfill\u001b[39m=\u001b[32m\"none\"\u001b[39m\n                  \u001b[33mheight\u001b[39m=\u001b[32m\"14\"\u001b[39m\n                  \u001b[33mstroke\u001b[39m=\u001b[32m\"currentColor\"\u001b[39m\n                  \u001b[33mstroke-linecap\u001b[39m=\u001b[32m\"round\"\u001b[39m\n                  \u001b[33mstroke-linejoin\u001b[39m=\u001b[32m\"round\"\u001b[39m\n                  \u001b[33mstroke-width\u001b[39m=\u001b[32m\"2\"\u001b[39m\n                  \u001b[33mviewBox\u001b[39m=\u001b[32m\"0 0 24 24\"\u001b[39m\n                  \u001b[33mwidth\u001b[39m=\u001b[32m\"14\"\u001b[39m\n                  \u001b[33mxmlns\u001b[39m=\u001b[32m\"http://www.w3.org/2000/svg\"\u001b[39m\n                \u001b[36m>\u001b[39m\n                  \u001b[36m<path\u001b[39m\n                    \u001b[33md\u001b[39m=\u001b[32m\"m6 9 6 6 6-6\"\u001b[39m\n                  \u001b[36m/>\u001b[39m\n                \u001b[36m</svg>\u001b[39m\n              \u001b[36m</label>\u001b[39m\n              \u001b[36m<label\u001b[39m\n                \u001b[33mclass\u001b[39m=\u001b[32m\"relative inline-flex h-10 items-center rounded-lg border border-cu-border bg-cu-bg-secondary pl-3 pr-8 text-sm font-bold text-cu-text-primary transition-colors hover:bg-cu-hover\"\u001b[39m\n              \u001b[36m>\u001b[39m\n                \u001b[36m<span\u001b[39m\n                  \u001b[33mclass\u001b[39m=\u001b[32m\"mr-2 text-cu-text-muted\"\u001b[39m\n                \u001b[36m>\u001b[39m\n                  \u001b[36m<svg\u001b[39m\n                    \u001b[33maria-hidden\u001b[39m=\u001b[32m\"true\"\u001b[39m\n                    \u001b[33mclass\u001b[39m=\u001b[32m\"lucide lucide-calendar-days\"\u001b[39m\n                    \u001b[33mfill\u001b[39m=\u001b[32m\"none\"\u001b[39m\n                    \u001b[33mheight\u001b[39m=\u001b[32m\"15\"\u001b[39m\n                    \u001b[33mstroke\u001b[39m=\u001b[32m\"currentColor\"\u001b[39m\n                    \u001b[33mstroke-linecap\u001b[39m=\u001b[32m\"round\"\u001b[39m\n                    \u001b[33mstroke-linejoin\u001b[39m=\u001b[32m\"round\"\u001b[39m\n                    \u001b[33mstroke-width\u001b[39m=\u001b[32m\"2\"\u001b[39m\n                    \u001b[33mviewBox\u001b[39m=\u001b[32m\"0 0 24 24\"\u001b[39m\n                    \u001b[33mwidth\u001b[39m=\u001b[32m\"15\"\u001b[39m\n                    \u001b[33mxmlns\u001b[39m=\u001b[32m\"http://www.w3.org/2000/svg\"\u001b[39m\n                  \u001b[36m>\u001b[39m\n                    \u001b[36m<path\u001b[39m\n                      \u001b[33md\u001b[39m=\u001b[32m\"M8 2v4\"\u001b[39m\n                    \u001b[36m/>\u001b[39m\n                    \u001b[36m<path\u001b[39m\n                      \u001b[33md\u001b[39m=\u001b[32m\"M16 2v4\"\u001b[39m\n                    \u001b[36m/>\u001b[39m\n                    \u001b[36m<rect\u001b[39m\n                      \u001b[33mheight\u001b[39m=\u001b[32m\"18\"\u001b[39m\n                      \u001b[33mrx\u001b[39m=\u001b[32m\"2\"\u001b[39m\n                      \u001b[33mwidth\u001b[39m=\u001b[...\n    at Object.getElementError (/Users/suthankan/Desktop/project_management_app/frontend/web/node_modules/@testing-library/dom/dist/config.js:37:19)\n    at /Users/suthankan/Desktop/project_management_app/frontend/web/node_modules/@testing-library/dom/dist/query-helpers.js:76:38\n    at /Users/suthankan/Desktop/project_management_app/frontend/web/node_modules/@testing-library/dom/dist/query-helpers.js:109:15\n    at Object.getAllByText (/Users/suthankan/Desktop/project_management_app/frontend/web/app/(project)/kanban/components/TimelineView.test.tsx:59:19)\n    at Promise.finally.completed (/Users/suthankan/Desktop/project_management_app/frontend/web/node_modules/jest-circus/build/jestAdapterInit.js:1557:28)\n    at new Promise (<anonymous>)\n    at callAsyncCircusFn (/Users/suthankan/Desktop/project_management_app/frontend/web/node_modules/jest-circus/build/jestAdapterInit.js:1497:10)\n    at _callCircusTest (/Users/suthankan/Desktop/project_management_app/frontend/web/node_modules/jest-circus/build/jestAdapterInit.js:1007:40)\n    at processTicksAndRejections (node:internal/process/task_queues:104:5)\n    at _runTest (/Users/suthankan/Desktop/project_management_app/frontend/web/node_modules/jest-circus/build/jestAdapterInit.js:947:3)\n    at /Users/suthankan/Desktop/project_management_app/frontend/web/node_modules/jest-circus/build/jestAdapterInit.js:849:7\n    at _runTestsForDescribeBlock (/Users/suthankan/Desktop/project_management_app/frontend/web/node_modules/jest-circus/build/jestAdapterInit.js:862:11)\n    at _runTestsForDescribeBlock (/Users/suthankan/Desktop/project_management_app/frontend/web/node_modules/jest-circus/build/jestAdapterInit.js:857:11)\n    at run (/Users/suthankan/Desktop/project_management_app/frontend/web/node_modules/jest-circus/build/jestAdapterInit.js:761:3)\n    at runAndTransformResultsToJestFormat (/Users/suthankan/Desktop/project_management_app/frontend/web/node_modules/jest-circus/build/jestAdapterInit.js:1918:21)\n    at jestAdapter (/Users/suthankan/Desktop/project_management_app/frontend/web/node_modules/jest-circus/build/runner.js:101:19)\n    at runTestInternal (/Users/suthankan/Desktop/project_management_app/frontend/web/node_modules/jest-runner/build/testWorker.js:275:16)\n    at runTest (/Users/suthankan/Desktop/project_management_app/frontend/web/node_modules/jest-runner/build/testWorker.js:343:7)\n    at Object.worker (/Users/suthankan/Desktop/project_management_app/frontend/web/node_modules/jest-runner/build/testWorker.js:497:12)"],"fullName":"TimelineView renders scheduled work and lets unscheduled tasks be scheduled from the tray","invocations":1,"location":null,"numPassingAsserts":0,"retryReasons":[],"startAt":1784961805675,"status":"failed","title":"renders scheduled work and lets unscheduled tasks be scheduled from the tray"},{"ancestorTitles":["TimelineView"],"duration":115,"failing":false,"failureDetails":[{"name":"TestingLibraryElementError"}],"failureMessages":["TestingLibraryElementError: Unable to find an element with the text: Build API. This could be because the text is broken up by multiple elements. In this case, you can provide a function for your text matcher to make your matcher more flexible.\n\nIgnored nodes: comments, script, style\n\u001b[36m<body>\u001b[39m\n  \u001b[36m<div>\u001b[39m\n    \u001b[36m<div\u001b[39m\n      \u001b[33mclass\u001b[39m=\u001b[32m\"space-y-4\"\u001b[39m\n    \u001b[36m>\u001b[39m\n      \u001b[36m<div\u001b[39m\n        \u001b[33mclass\u001b[39m=\u001b[32m\"rounded-xl border border-cu-border bg-cu-bg p-3 shadow-cu-sm\"\u001b[39m\n      \u001b[36m>\u001b[39m\n        \u001b[36m<div\u001b[39m\n          \u001b[33mclass\u001b[39m=\u001b[32m\"flex flex-col gap-3 xl:flex-row xl:items-center xl:justify-between\"\u001b[39m\n        \u001b[36m>\u001b[39m\n          \u001b[36m<div\u001b[39m\n            \u001b[33mclass\u001b[39m=\u001b[32m\"flex min-w-0 flex-1 flex-col gap-3 lg:flex-row lg:items-center\"\u001b[39m\n          \u001b[36m>\u001b[39m\n            \u001b[36m<div\u001b[39m\n              \u001b[33mclass\u001b[39m=\u001b[32m\"relative min-w-0 flex-1 lg:max-w-sm\"\u001b[39m\n            \u001b[36m>\u001b[39m\n              \u001b[36m<svg\u001b[39m\n                \u001b[33maria-hidden\u001b[39m=\u001b[32m\"true\"\u001b[39m\n                \u001b[33mclass\u001b[39m=\u001b[32m\"lucide lucide-search pointer-events-none absolute left-3 top-1/2 -translate-y-1/2 text-cu-text-muted\"\u001b[39m\n                \u001b[33mfill\u001b[39m=\u001b[32m\"none\"\u001b[39m\n                \u001b[33mheight\u001b[39m=\u001b[32m\"15\"\u001b[39m\n                \u001b[33mstroke\u001b[39m=\u001b[32m\"currentColor\"\u001b[39m\n                \u001b[33mstroke-linecap\u001b[39m=\u001b[32m\"round\"\u001b[39m\n                \u001b[33mstroke-linejoin\u001b[39m=\u001b[32m\"round\"\u001b[39m\n                \u001b[33mstroke-width\u001b[39m=\u001b[32m\"2\"\u001b[39m\n                \u001b[33mviewBox\u001b[39m=\u001b[32m\"0 0 24 24\"\u001b[39m\n                \u001b[33mwidth\u001b[39m=\u001b[32m\"15\"\u001b[39m\n                \u001b[33mxmlns\u001b[39m=\u001b[32m\"http://www.w3.org/2000/svg\"\u001b[39m\n              \u001b[36m>\u001b[39m\n                \u001b[36m<path\u001b[39m\n                  \u001b[33md\u001b[39m=\u001b[32m\"m21 21-4.34-4.34\"\u001b[39m\n                \u001b[36m/>\u001b[39m\n                \u001b[36m<circle\u001b[39m\n                  \u001b[33mcx\u001b[39m=\u001b[32m\"11\"\u001b[39m\n                  \u001b[33mcy\u001b[39m=\u001b[32m\"11\"\u001b[39m\n                  \u001b[33mr\u001b[39m=\u001b[32m\"8\"\u001b[39m\n                \u001b[36m/>\u001b[39m\n              \u001b[36m</svg>\u001b[39m\n              \u001b[36m<input\u001b[39m\n                \u001b[33mclass\u001b[39m=\u001b[32m\"h-10 w-full rounded-lg border border-cu-border bg-cu-bg-secondary pl-9 pr-9 text-sm text-cu-text-primary outline-none transition-colors placeholder:text-cu-text-muted focus:border-cu-primary focus:bg-cu-bg focus:ring-2 focus:ring-cu-primary/15\"\u001b[39m\n                \u001b[33mplaceholder\u001b[39m=\u001b[32m\"Search tasks, assignees, milestones\"\u001b[39m\n                \u001b[33mvalue\u001b[39m=\u001b[32m\"\"\u001b[39m\n              \u001b[36m/>\u001b[39m\n            \u001b[36m</div>\u001b[39m\n            \u001b[36m<div\u001b[39m\n              \u001b[33mclass\u001b[39m=\u001b[32m\"hidden items-center gap-2 xl:flex\"\u001b[39m\n            \u001b[36m>\u001b[39m\n              \u001b[36m<label\u001b[39m\n                \u001b[33mclass\u001b[39m=\u001b[32m\"relative inline-flex h-10 items-center rounded-lg border border-cu-border bg-cu-bg-secondary pl-3 pr-8 text-sm font-bold text-cu-text-primary transition-colors hover:bg-cu-hover\"\u001b[39m\n              \u001b[36m>\u001b[39m\n                \u001b[36m<span\u001b[39m\n                  \u001b[33mclass\u001b[39m=\u001b[32m\"mr-2 text-cu-text-muted\"\u001b[39m\n                \u001b[36m>\u001b[39m\n                  \u001b[36m<svg\u001b[39m\n                    \u001b[33maria-hidden\u001b[39m=\u001b[32m\"true\"\u001b[39m\n                    \u001b[33mclass\u001b[39m=\u001b[32m\"lucide lucide-funnel\"\u001b[39m\n                    \u001b[33mfill\u001b[39m=\u001b[32m\"none\"\u001b[39m\n                    \u001b[33mheight\u001b[39m=\u001b[32m\"15\"\u001b[39m\n                    \u001b[33mstroke\u001b[39m=\u001b[32m\"currentColor\"\u001b[39m\n                    \u001b[33mstroke-linecap\u001b[39m=\u001b[32m\"round\"\u001b[39m\n                    \u001b[33mstroke-linejoin\u001b[39m=\u001b[32m\"round\"\u001b[39m\n                    \u001b[33mstroke-width\u001b[39m=\u001b[32m\"2\"\u001b[39m\n                    \u001b[33mviewBox\u001b[39m=\u001b[32m\"0 0 24 24\"\u001b[39m\n                    \u001b[33mwidth\u001b[39m=\u001b[32m\"15\"\u001b[39m\n                    \u001b[33mxmlns\u001b[39m=\u001b[32m\"http://www.w3.org/2000/svg\"\u001b[39m\n                  \u001b[36m>\u001b[39m\n                    \u001b[36m<path\u001b[39m\n                      \u001b[33md\u001b[39m=\u001b[32m\"M10 20a1 1 0 0 0 .553.895l2 1A1 1 0 0 0 14 21v-7a2 2 0 0 1 .517-1.341L21.74 4.67A1 1 0 0 0 21 3H3a1 1 0 0 0-.742 1.67l7.225 7.989A2 2 0 0 1 10 14z\"\u001b[39m\n                    \u001b[36m/>\u001b[39m\n                  \u001b[36m</svg>\u001b[39m\n                \u001b[36m</span>\u001b[39m\n                \u001b[36m<span\u001b[39m\n                  \u001b[33mclass\u001b[39m=\u001b[32m\"sr-only\"\u001b[39m\n                \u001b[36m>\u001b[39m\n                  \u001b[0mAssignee\u001b[0m\n                \u001b[36m</span>\u001b[39m\n                \u001b[36m<select\u001b[39m\n                  \u001b[33mclass\u001b[39m=\u001b[32m\"max-w-[11rem] appearance-none bg-transparent text-sm font-bold outline-none\"\u001b[39m\n                \u001b[36m>\u001b[39m\n                  \u001b[36m<option\u001b[39m\n                    \u001b[33mvalue\u001b[39m=\u001b[32m\"\"\u001b[39m\n                  \u001b[36m>\u001b[39m\n                    \u001b[0mAll assignees\u001b[0m\n                  \u001b[36m</option>\u001b[39m\n                \u001b[36m</select>\u001b[39m\n                \u001b[36m<svg\u001b[39m\n                  \u001b[33maria-hidden\u001b[39m=\u001b[32m\"true\"\u001b[39m\n                  \u001b[33mclass\u001b[39m=\u001b[32m\"lucide lucide-chevron-down pointer-events-none absolute right-2.5 text-cu-text-muted\"\u001b[39m\n                  \u001b[33mfill\u001b[39m=\u001b[32m\"none\"\u001b[39m\n                  \u001b[33mheight\u001b[39m=\u001b[32m\"14\"\u001b[39m\n                  \u001b[33mstroke\u001b[39m=\u001b[32m\"currentColor\"\u001b[39m\n                  \u001b[33mstroke-linecap\u001b[39m=\u001b[32m\"round\"\u001b[39m\n                  \u001b[33mstroke-linejoin\u001b[39m=\u001b[32m\"round\"\u001b[39m\n                  \u001b[33mstroke-width\u001b[39m=\u001b[32m\"2\"\u001b[39m\n                  \u001b[33mviewBox\u001b[39m=\u001b[32m\"0 0 24 24\"\u001b[39m\n                  \u001b[33mwidth\u001b[39m=\u001b[32m\"14\"\u001b[39m\n                  \u001b[33mxmlns\u001b[39m=\u001b[32m\"http://www.w3.org/2000/svg\"\u001b[39m\n                \u001b[36m>\u001b[39m\n                  \u001b[36m<path\u001b[39m\n                    \u001b[33md\u001b[39m=\u001b[32m\"m6 9 6 6 6-6\"\u001b[39m\n                  \u001b[36m/>\u001b[39m\n                \u001b[36m</svg>\u001b[39m\n              \u001b[36m</label>\u001b[39m\n              \u001b[36m<label\u001b[39m\n                \u001b[33mclass\u001b[39m=\u001b[32m\"relative inline-flex h-10 items-center rounded-lg border border-cu-border bg-cu-bg-secondary pl-3 pr-8 text-sm font-bold text-cu-text-primary transition-colors hover:bg-cu-hover\"\u001b[39m\n              \u001b[36m>\u001b[39m\n                \u001b[36m<span\u001b[39m\n                  \u001b[33mclass\u001b[39m=\u001b[32m\"mr-2 text-cu-text-muted\"\u001b[39m\n                \u001b[36m>\u001b[39m\n                  \u001b[36m<svg\u001b[39m\n                    \u001b[33maria-hidden\u001b[39m=\u001b[32m\"true\"\u001b[39m\n                    \u001b[33mclass\u001b[39m=\u001b[32m\"lucide lucide-calendar-days\"\u001b[39m\n                    \u001b[33mfill\u001b[39m=\u001b[32m\"none\"\u001b[39m\n                    \u001b[33mheight\u001b[39m=\u001b[32m\"15\"\u001b[39m\n                    \u001b[33mstroke\u001b[39m=\u001b[32m\"currentColor\"\u001b[39m\n                    \u001b[33mstroke-linecap\u001b[39m=\u001b[32m\"round\"\u001b[39m\n                    \u001b[33mstroke-linejoin\u001b[39m=\u001b[32m\"round\"\u001b[39m\n                    \u001b[33mstroke-width\u001b[39m=\u001b[32m\"2\"\u001b[39m\n                    \u001b[33mviewBox\u001b[39m=\u001b[32m\"0 0 24 24\"\u001b[39m\n                    \u001b[33mwidth\u001b[39m=\u001b[32m\"15\"\u001b[39m\n                    \u001b[33mxmlns\u001b[39m=\u001b[32m\"http://www.w3.org/2000/svg\"\u001b[39m\n                  \u001b[36m>\u001b[39m\n                    \u001b[36m<path\u001b[39m\n                      \u001b[33md\u001b[39m=\u001b[32m\"M8 2v4\"\u001b[39m\n                    \u001b[36m/>\u001b[39m\n                    \u001b[36m<path\u001b[39m\n                      \u001b[33md\u001b[39m=\u001b[32m\"M16 2v4\"\u001b[39m\n                    \u001b[36m/>\u001b[39m\n                    \u001b[36m<rect\u001b[39m\n                      \u001b[33mheight\u001b[39m=\u001b[32m\"18\"\u001b[39m\n                      \u001b[33mrx\u001b[39m=\u001b[32m\"2\"\u001b[39m\n                      \u001b[33mwidth\u001b[39m=\u001b[...\n    at Object.getElementError (/Users/suthankan/Desktop/project_management_app/frontend/web/node_modules/@testing-library/dom/dist/config.js:37:19)\n    at /Users/suthankan/Desktop/project_management_app/frontend/web/node_modules/@testing-library/dom/dist/query-helpers.js:76:38\n    at /Users/suthankan/Desktop/project_management_app/frontend/web/node_modules/@testing-library/dom/dist/query-helpers.js:109:15\n    at Object.getAllByText (/Users/suthankan/Desktop/project_management_app/frontend/web/app/(project)/kanban/components/TimelineView.test.tsx:87:19)\n    at Promise.finally.completed (/Users/suthankan/Desktop/project_management_app/frontend/web/node_modules/jest-circus/build/jestAdapterInit.js:1557:28)\n    at new Promise (<anonymous>)\n    at callAsyncCircusFn (/Users/suthankan/Desktop/project_management_app/frontend/web/node_modules/jest-circus/build/jestAdapterInit.js:1497:10)\n    at _callCircusTest (/Users/suthankan/Desktop/project_management_app/frontend/web/node_modules/jest-circus/build/jestAdapterInit.js:1007:40)\n    at processTicksAndRejections (node:internal/process/task_queues:104:5)\n    at _runTest (/Users/suthankan/Desktop/project_management_app/frontend/web/node_modules/jest-circus/build/jestAdapterInit.js:947:3)\n    at /Users/suthankan/Desktop/project_management_app/frontend/web/node_modules/jest-circus/build/jestAdapterInit.js:849:7\n    at _runTestsForDescribeBlock (/Users/suthankan/Desktop/project_management_app/frontend/web/node_modules/jest-circus/build/jestAdapterInit.js:862:11)\n    at _runTestsForDescribeBlock (/Users/suthankan/Desktop/project_management_app/frontend/web/node_modules/jest-circus/build/jestAdapterInit.js:857:11)\n    at run (/Users/suthankan/Desktop/project_management_app/frontend/web/node_modules/jest-circus/build/jestAdapterInit.js:761:3)\n    at runAndTransformResultsToJestFormat (/Users/suthankan/Desktop/project_management_app/frontend/web/node_modules/jest-circus/build/jestAdapterInit.js:1918:21)\n    at jestAdapter (/Users/suthankan/Desktop/project_management_app/frontend/web/node_modules/jest-circus/build/runner.js:101:19)\n    at runTestInternal (/Users/suthankan/Desktop/project_management_app/frontend/web/node_modules/jest-runner/build/testWorker.js:275:16)\n    at runTest (/Users/suthankan/Desktop/project_management_app/frontend/web/node_modules/jest-runner/build/testWorker.js:343:7)\n    at Object.worker (/Users/suthankan/Desktop/project_management_app/frontend/web/node_modules/jest-runner/build/testWorker.js:497:12)"],"fullName":"TimelineView shows a filtered empty state and can clear filters","invocations":1,"location":null,"numPassingAsserts":1,"retryReasons":[],"startAt":1784961805771,"status":"failed","title":"shows a filtered empty state and can clear filters"},{"ancestorTitles":["TimelineView"],"duration":79,"failing":false,"failureDetails":[{"name":"TestingLibraryElementError"}],"failureMessages":["TestingLibraryElementError: Unable to find an accessible element with the role \"button\" and name `/IN PROGRESS/`\n\nHere are the accessible roles:\n\n  textbox:\n\n  Name \"\":\n  \u001b[36m<input\u001b[39m\n    \u001b[33mclass\u001b[39m=\u001b[32m\"h-10 w-full rounded-lg border border-cu-border bg-cu-bg-secondary pl-9 pr-9 text-sm text-cu-text-primary outline-none transition-colors placeholder:text-cu-text-muted focus:border-cu-primary focus:bg-cu-bg focus:ring-2 focus:ring-cu-primary/15\"\u001b[39m\n    \u001b[33mplaceholder\u001b[39m=\u001b[32m\"Search tasks, assignees, milestones\"\u001b[39m\n    \u001b[33mvalue\u001b[39m=\u001b[32m\"\"\u001b[39m\n  \u001b[36m/>\u001b[39m\n\n  --------------------------------------------------\n  combobox:\n\n  Name \"Assignee\":\n  \u001b[36m<select\u001b[39m\n    \u001b[33mclass\u001b[39m=\u001b[32m\"max-w-[11rem] appearance-none bg-transparent text-sm font-bold outline-none\"\u001b[39m\n  \u001b[36m/>\u001b[39m\n\n  Name \"Milestone\":\n  \u001b[36m<select\u001b[39m\n    \u001b[33mclass\u001b[39m=\u001b[32m\"max-w-[11rem] appearance-none bg-transparent text-sm font-bold outline-none\"\u001b[39m\n  \u001b[36m/>\u001b[39m\n\n  Name \"Group by\":\n  \u001b[36m<select\u001b[39m\n    \u001b[33mclass\u001b[39m=\u001b[32m\"max-w-[11rem] appearance-none bg-transparent text-sm font-bold outline-none\"\u001b[39m\n  \u001b[36m/>\u001b[39m\n\n  --------------------------------------------------\n  option:\n\n  Name \"All assignees\":\n  \u001b[36m<option\u001b[39m\n    \u001b[33mvalue\u001b[39m=\u001b[32m\"\"\u001b[39m\n  \u001b[36m/>\u001b[39m\n\n  Name \"All milestones\":\n  \u001b[36m<option\u001b[39m\n    \u001b[33mvalue\u001b[39m=\u001b[32m\"\"\u001b[39m\n  \u001b[36m/>\u001b[39m\n\n  Name \"No milestone\":\n  \u001b[36m<option\u001b[39m\n    \u001b[33mvalue\u001b[39m=\u001b[32m\"__none__\"\u001b[39m\n  \u001b[36m/>\u001b[39m\n\n  Name \"No grouping\":\n  \u001b[36m<option\u001b[39m\n    \u001b[33mvalue\u001b[39m=\u001b[32m\"none\"\u001b[39m\n  \u001b[36m/>\u001b[39m\n\n  Name \"Status\":\n  \u001b[36m<option\u001b[39m\n    \u001b[33mvalue\u001b[39m=\u001b[32m\"status\"\u001b[39m\n  \u001b[36m/>\u001b[39m\n\n  Name \"Assignee\":\n  \u001b[36m<option\u001b[39m\n    \u001b[33mvalue\u001b[39m=\u001b[32m\"assignee\"\u001b[39m\n  \u001b[36m/>\u001b[39m\n\n  Name \"Milestone\":\n  \u001b[36m<option\u001b[39m\n    \u001b[33mvalue\u001b[39m=\u001b[32m\"milestone\"\u001b[39m\n  \u001b[36m/>\u001b[39m\n\n  --------------------------------------------------\n  button:\n\n  Name \"Weekends\":\n  \u001b[36m<button\u001b[39m\n    \u001b[33mclass\u001b[39m=\u001b[32m\"inline-flex h-10 items-center gap-2 rounded-lg border px-3 text-sm font-bold transition-colors border-cu-border bg-cu-bg-secondary text-cu-text-primary hover:bg-cu-hover\"\u001b[39m\n    \u001b[33mtype\u001b[39m=\u001b[32m\"button\"\u001b[39m\n  \u001b[36m/>\u001b[39m\n\n  Name \"Done\":\n  \u001b[36m<button\u001b[39m\n    \u001b[33mclass\u001b[39m=\u001b[32m\"inline-flex h-10 items-center gap-2 rounded-lg border px-3 text-sm font-bold transition-colors border-cu-primary/30 bg-cu-primary/10 text-cu-primary\"\u001b[39m\n    \u001b[33mtype\u001b[39m=\u001b[32m\"button\"\u001b[39m\n  \u001b[36m/>\u001b[39m\n\n  Name \"Today\":\n  \u001b[36m<button\u001b[39m\n    \u001b[33mclass\u001b[39m=\u001b[32m\"inline-flex h-10 items-center gap-2 rounded-lg border border-cu-border bg-cu-bg-secondary px-3 text-sm font-bold text-cu-text-primary transition-colors hover:bg-cu-hover\"\u001b[39m\n    \u001b[33mtype\u001b[39m=\u001b[32m\"button\"\u001b[39m\n  \u001b[36m/>\u001b[39m\n\n  Name \"Previous timeline range\":\n  \u001b[36m<button\u001b[39m\n    \u001b[33maria-label\u001b[39m=\u001b[32m\"Previous timeline range\"\u001b[39m\n    \u001b[33mclass\u001b[39m=\u001b[32m\"flex h-8 w-8 items-center justify-center rounded-md text-cu-text-secondary transition-colors hover:bg-cu-bg hover:text-cu-primary\"\u001b[39m\n    \u001b[33mdata-state\u001b[39m=\u001b[32m\"closed\"\u001b[39m\n    \u001b[33mtype\u001b[39m=\u001b[32m\"button\"\u001b[39m\n  \u001b[36m/>\u001b[39m\n\n  Name \"Next timeline range\":\n  \u001b[36m<button\u001b[39m\n    \u001b[33maria-label\u001b[39m=\u001b[32m\"Next timeline range\"\u001b[39m\n    \u001b[33mclass\u001b[39m=\u001b[32m\"flex h-8 w-8 items-center justify-center rounded-md text-cu-text-secondary transition-colors hover:bg-cu-bg hover:text-cu-primary\"\u001b[39m\n    \u001b[33mdata-state\u001b[39m=\u001b[32m\"closed\"\u001b[39m\n    \u001b[33mtype\u001b[39m=\u001b[32m\"button\"\u001b[39m\n  \u001b[36m/>\u001b[39m\n\n  Name \"Day\":\n  \u001b[36m<button\u001b[39m\n    \u001b[33mclass\u001b[39m=\u001b[32m\"h-8 rounded-md px-3 text-xs font-bold capitalize transition-colors bg-cu-primary text-white shadow-cu-sm\"\u001b[39m\n    \u001b[33mtype\u001b[39m=\u001b[32m\"button\"\u001b[39m\n  \u001b[36m/>\u001b[39m\n\n  Name \"Week\":\n  \u001b[36m<button\u001b[39m\n    \u001b[33mclass\u001b[39m=\u001b[32m\"h-8 rounded-md px-3 text-xs font-bold capitalize transition-colors text-cu-text-secondary hover:bg-cu-bg hover:text-cu-text-primary\"\u001b[39m\n    \u001b[33mtype\u001b[39m=\u001b[32m\"button\"\u001b[39m\n  \u001b[36m/>\u001b[39m\n\n  Name \"Month\":\n  \u001b[36m<button\u001b[39m\n    \u001b[33mclass\u001b[39m=\u001b[32m\"h-8 rounded-md px-3 text-xs font-bold capitalize transition-colors text-cu-text-secondary hover:bg-cu-bg hover:text-cu-text-primary\"\u001b[39m\n    \u001b[33mtype\u001b[39m=\u001b[32m\"button\"\u001b[39m\n  \u001b[36m/>\u001b[39m\n\n  Name \"Filters\":\n  \u001b[36m<button\u001b[39m\n    \u001b[33mclass\u001b[39m=\u001b[32m\"relative inline-flex h-10 items-center gap-2 rounded-lg border border-cu-border bg-cu-bg-secondary px-3 text-sm font-bold text-cu-text-primary transition-colors hover:bg-cu-hover xl:hidden\"\u001b[39m\n    \u001b[33mtype\u001b[39m=\u001b[32m\"button\"\u001b[39m\n  \u001b[36m/>\u001b[39m\n\n  Name \"Day\":\n  \u001b[36m<button\u001b[39m\n    \u001b[33mclass\u001b[39m=\u001b[32m\"h-9 flex-1 rounded-md text-xs font-bold transition-colors bg-cu-primary text-white shadow-cu-sm\"\u001b[39m\n    \u001b[33mtype\u001b[39m=\u001b[32m\"button\"\u001b[39m\n  \u001b[36m/>\u001b[39m\n\n  Name \"Week\":\n  \u001b[36m<button\u001b[39m\n    \u001b[33mclass\u001b[39m=\u001b[32m\"h-9 flex-1 rounded-md text-xs font-bold transition-colors text-cu-text-secondary hover:bg-cu-bg hover:text-cu-text-primary\"\u001b[39m\n    \u001b[33mtype\u001b[39m=\u001b[32m\"button\"\u001b[39m\n  \u001b[36m/>\u001b[39m\n\n  Name \"Month\":\n  \u001b[36m<button\u001b[39m\n    \u001b[33mclass\u001b[39m=\u001b[32m\"h-9 flex-1 rounded-md text-xs font-bold transition-colors text-cu-text-secondary hover:bg-cu-bg hover:text-cu-text-primary\"\u001b[39m\n    \u001b[33mtype\u001b[39m=\u001b[32m\"button\"\u001b[39m\n  \u001b[36m/>\u001b[39m\n\n  --------------------------------------------------\n  paragraph:\n\n  Name \"\":\n  \u001b[36m<p\u001b[39m\n    \u001b[33mclass\u001b[39m=\u001b[32m\"text-[10px] font-bold uppercase\"\u001b[39m\n  \u001b[36m/>\u001b[39m\n\n  Name \"\":\n  \u001b[36m<p\u001b[39m\n    \u001b[33mclass\u001b[39m=\u001b[32m\"text-sm font-black\"\u001b[39m\n  \u001b[36m/>\u001b[39m\n\n  Name \"\":\n  \u001b[36m<p\u001b[39m\n    \u001b[33mclass\u001b[39m=\u001b[32m\"text-[10px] font-bold uppercase\"\u001b[39m\n  \u001b[36m/>\u001b[39m\n\n  Name \"\":\n  \u001b[36m<p\u001b[39m\n    \u001b[33mclass\u001b[39m=\u001b[32m\"text-sm font-black\"\u001b[39m\n  \u001b[36m/>\u001b[39m\n\n  Name \"\":\n  \u001b[36m<p\u001b[39m\n    \u001b[33mclass\u001b[39m=\u001b[32m\"text-[10px] font-bold uppercase\"\u001b[39m\n  \u001b[36m/>\u001b[39m\n\n  Name \"\":\n  \u001b[36m<p\u001b[39m\n    \u001b[33mclass\u001b[39m=\u001b[32m\"text-sm font-black\"\u001b[39m\n  \u001b[36m/>\u001b[39m\n\n  Name \"\":\n  \u001b[36m<p\u001b[39m\n    \u001b[33mclass\u001b[39m=\u001b[32m\"text-[10px] font-bold uppercase\"\u001b[39m\n  \u001b[36m/>\u001b[39m\n\n  Name \"\":\n  \u001b[36m<p\u001b[39m\n    \u001b[33mclass\u001b[39m=\u001b[32m\"text-sm font-black\"\u001b[39m\n  \u001b[36m/>\u001b[39m\n\n  Name \"\":\n  \u001b[36m<p\u001b[39m\n    \u001b[33mclass\u001b[39m=\u001b[32m\"mx-auto mt-1 max-w-md text-sm text-cu-text-secondary\"\u001b[39m\n  \u001b[36m/>\u001b[39m\n\n  --------------------------------------------------\n  heading:\n\n  Name \"No scheduled work yet\":\n  \u001b[36m<h3\u001b[39m\n    \u001b[33mclass\u001b[39m=\u001b[32m\"mt-3 text-base font-bold text-cu-text-primary\"\u001b[39m\n  \u001b[36m/>\u001b[39m\n\n  --------------------------------------------------\n\nIgnored nodes: comments, script, style\n\u001b[36m<body>\u001b[39m\n  \u001b[36m<div>\u001b[39m\n    \u001b[36m<div\u001b[39m\n      \u001b[33mclass\u001b[39m=\u001b[32m\"space-y-4\"\u001b[39m\n    \u001b[36m>\u001b[39m\n      \u001b[36m<div\u001b[39m\n        \u001b[33mclass\u001b[39m=\u001b[32m\"rounded-xl border border-cu-border bg-cu-bg p-3 shadow-cu-sm\"\u001b[39m\n      \u001b[36m>\u001b[39m\n        \u001b[36m<div\u001b[39m\n          \u001b[33mclass\u001b[39m=\u001b[32m\"flex flex-col gap-3 xl:flex-row xl:items-center xl:justify-between\"\u001b[39m\n        \u001b[36m>\u001b[39m\n          \u001b[36m<div\u001b[39m\n            \u001b[33mclass\u001b[39m=\u001b[32m\"flex min-w-0 flex-1 flex-col gap-3 lg:flex-row lg:items-center\"\u001b[39m\n          \u001b[36m>\u001b[39m\n            \u001b[36m<div\u001b[39m\n              \u001b[33mclass\u001b[39m=\u001b[32m\"relative min-w-0 flex-1 lg:max-w-sm\"\u001b[39m\n            \u001b[36m>\u001b[39m\n              \u001b[36m<svg\u001b[39m\n                \u001b[33maria-hidden\u001b[39m=\u001b[32m\"true\"\u001b[39m\n                \u001b[33mclass\u001b[39m=\u001b[32m\"lucide lucide-search pointer-events-none absolute left-3 top-1/2 -translate-y-1/2 text-cu-text-muted\"\u001b[39m\n                \u001b[33mfill\u001b[39m=\u001b[32m\"none\"\u001b[39m\n                \u001b[33mheight\u001b[39m=\u001b[32m\"15\"\u001b[39m\n                \u001b[33mstroke\u001b[39m=\u001b[32m\"currentColor\"\u001b[39m\n                \u001b[33mstroke-linecap\u001b[39m=\u001b[32m\"round\"\u001b[39m\n                \u001b[33mstroke-linejoin\u001b[39m=\u001b[32m\"round\"\u001b[39m\n                \u001b[33mstroke-width\u001b[39m=\u001b[32m\"2\"\u001b[39m\n                \u001b[33mviewBox\u001b[39m=\u001b[32m\"0 0 24 24\"\u001b[39m\n                \u001b[33mwidth\u001b[39m=\u001b[32m\"15\"\u001b[39m\n                \u001b[33mxmlns\u001b[39m=\u001b[32m\"http://www.w3.org/2000/svg\"\u001b[39m\n              \u001b[36m>\u001b[39m\n                \u001b[36m<path\u001b[39m\n                  \u001b[33md\u001b[39m=\u001b[32m\"m21 21-4.34-4.34\"\u001b[39m\n                \u001b[36m/>\u001b[39m\n                \u001b[36m<circle\u001b[39m\n                  \u001b[33mcx\u001b[39m=\u001b[32m\"11\"\u001b[39m\n                  \u001b[33mcy\u001b[39m=\u001b[32m\"11\"\u001b[39m\n                  \u001b[33mr\u001b[39m=\u001b[32m\"8\"\u001b[39m\n                \u001b[36m/>\u001b[39m\n              \u001b[36m</svg>\u001b[39m\n              \u001b[36m<input\u001b[39m\n                \u001b[33mclass\u001b[39m=\u001b[32m\"h-10 w-full rounded-lg border border-cu-border bg-cu-bg-secondary pl-9 pr-9 text-sm text-cu-text-primary outline-none transition-colors placeholder:text-cu-text-muted focus:border-cu-primary focus:bg-cu-bg focus:ring-2 focus:ring-cu-primary/15\"\u001b[39m\n                \u001b[33mplaceholder\u001b[39m=\u001b[32m\"Search tasks, assignees, milestones\"\u001b[39m\n                \u001b[33mvalue\u001b[39m=\u001b[32m\"\"\u001b[39m\n              \u001b[36m/>\u001b[39m\n            \u001b[36m</div>\u001b[39m\n            \u001b[36m<div\u001b[39m\n              \u001b[33mclass\u001b[39m=\u001b[32m\"hidden items-center gap-2 xl:flex\"\u001b[39m\n            \u001b[36m>\u001b[39m\n              \u001b[36m<label\u001b[39m\n                \u001b[33mclass\u001b[39m=\u001b[32m\"relative inline-flex h-10 items-center rounded-lg border border-cu-border bg-cu-bg-secondary pl-3 pr-8 text-sm font-bold text-cu-text-primary transition-colors hover:bg-cu-hover\"\u001b[39m\n              \u001b[36m>\u001b[39m\n                \u001b[36m<span\u001b[39m\n                  \u001b[33mclass\u001b[39m=\u001b[32m\"mr-2 text-cu-text-muted\"\u001b[39m\n                \u001b[36m>\u001b[39m\n                  \u001b[36m<svg\u001b[39m\n                    \u001b[33maria-hidden\u001b[39m=\u001b[32m\"true\"\u001b[39m\n                    \u001b[33mclass\u001b[39m=\u001b[32m\"lucide lucide-funnel\"\u001b[39m\n                    \u001b[33mfill\u001b[39m=\u001b[32m\"none\"\u001b[39m\n                    \u001b[33mheight\u001b[39m=\u001b[32m\"15\"\u001b[39m\n                    \u001b[33mstroke\u001b[39m=\u001b[32m\"currentColor\"\u001b[39m\n                    \u001b[33mstroke-linecap\u001b[39m=\u001b[32m\"round\"\u001b[39m\n                    \u001b[33mstroke-linejoin\u001b[39m=\u001b[32m\"round\"\u001b[39m\n                    \u001b[33mstroke-width\u001b[39m=\u001b[32m\"2\"\u001b[39m\n                    \u001b[33mviewBox\u001b[39m=\u001b[32m\"0 0 24 24\"\u001b[39m\n                    \u001b[33mwidth\u001b[39m=\u001b[32m\"15\"\u001b[39m\n                    \u001b[33mxmlns\u001b[39m=\u001b[32m\"http://www.w3.org/2000/svg\"\u001b[39m\n                  \u001b[36m>\u001b[39m\n                    \u001b[36m<path\u001b[39m\n                      \u001b[33md\u001b[39m=\u001b[32m\"M10 20a1 1 0 0 0 .553.895l2 1A1 1 0 0 0 14 21v-7a2 2 0 0 1 .517-1.341L21.74 4.67A1 1 0 0 0 21 3H3a1 1 0 0 0-.742 1.67l7.225 7.989A2 2 0 0 1 10 14z\"\u001b[39m\n                    \u001b[36m/>\u001b[39m\n                  \u001b[36m</svg>\u001b[39m\n                \u001b[36m</span>\u001b[39m\n                \u001b[36m<span\u001b[39m\n                  \u001b[33mclass\u001b[39m=\u001b[32m\"sr-only\"\u001b[39m\n                \u001b[36m>\u001b[39m\n                  \u001b[0mAssignee\u001b[0m\n                \u001b[36m</span>\u001b[39m\n                \u001b[36m<select\u001b[39m\n                  \u001b[33mclass\u001b[39m=\u001b[32m\"max-w-[11rem] appearance-none bg-transparent text-sm font-bold outline-none\"\u001b[39m\n                \u001b[36m>\u001b[39m\n                  \u001b[36m<option\u001b[39m\n                    \u001b[33mvalue\u001b[39m=\u001b[32m\"\"\u001b[39m\n                  \u001b[36m>\u001b[39m\n                    \u001b[0mAll assignees\u001b[0m\n                  \u001b[36m</option>\u001b[39m\n                \u001b[36m</select>\u001b[39m\n                \u001b[36m<svg\u001b[39m\n                  \u001b[33maria-hidden\u001b[39m=\u001b[32m\"true\"\u001b[39m\n                  \u001b[33mclass\u001b[39m=\u001b[32m\"lucide lucide-chevron-down pointer-events-none absolute right-2.5 text-cu-text-muted\"\u001b[39m\n                  \u001b[33mfill\u001b[39m=\u001b[32m\"none\"\u001b[39m\n                  \u001b[33mheight\u001b[39m=\u001b[32m\"14\"\u001b[39m\n                  \u001b[33mstroke\u001b[39m=\u001b[32m\"currentColor\"\u001b[39m\n                  \u001b[33mstroke-linecap\u001b[39m=\u001b[32m\"round\"\u001b[39m\n                  \u001b[33mstroke-linejoin\u001b[39m=\u001b[32m\"round\"\u001b[39m\n                  \u001b[33mstroke-width\u001b[39m=\u001b[32m\"2\"\u001b[39m\n                  \u001b[33mviewBox\u001b[39m=\u001b[32m\"0 0 24 24\"\u001b[39m\n                  \u001b[33mwidth\u001b[39m=\u001b[32m\"14\"\u001b[39m\n                  \u001b[33mxmlns\u001b[39m=\u001b[32m\"http://www.w3.org/2000/svg\"\u001b[39m\n                \u001b[36m>\u001b[39m\n                  \u001b[36m<path\u001b[39m\n                    \u001b[33md\u001b[39m=\u001b[32m\"m6 9 6 6 6-6\"\u001b[39m\n                  \u001b[36m/>\u001b[39m\n                \u001b[36m</svg>\u001b[39m\n              \u001b[36m</label>\u001b[39m\n              \u001b[36m<label\u001b[39m\n                \u001b[33mclass\u001b[39m=\u001b[32m\"relative inline-flex h-10 items-center rounded-lg border border-cu-border bg-cu-bg-secondary pl-3 pr-8 text-sm font-bold text-cu-text-primary transition-colors hover:bg-cu-hover\"\u001b[39m\n              \u001b[36m>\u001b[39m\n                \u001b[36m<span\u001b[39m\n                  \u001b[33mclass\u001b[39m=\u001b[32m\"mr-2 text-cu-text-muted\"\u001b[39m\n                \u001b[36m>\u001b[39m\n                  \u001b[36m<svg\u001b[39m\n                    \u001b[33maria-hidden\u001b[39m=\u001b[32m\"true\"\u001b[39m\n                    \u001b[33mclass\u001b[39m=\u001b[32m\"lucide lucide-calendar-days\"\u001b[39m\n                    \u001b[33mfill\u001b[39m=\u001b[32m\"none\"\u001b[39m\n                    \u001b[33mheight\u001b[39m=\u001b[32m\"15\"\u001b[39m\n                    \u001b[33mstroke\u001b[39m=\u001b[32m\"currentColor\"\u001b[39m\n                    \u001b[33mstroke-linecap\u001b[39m=\u001b[32m\"round\"\u001b[39m\n                    \u001b[33mstroke-linejoin\u001b[39m=\u001b[32m\"round\"\u001b[39m\n                    \u001b[33mstroke-width\u001b[39m=\u001b[32m\"2\"\u001b[39m\n                    \u001b[33mviewBox\u001b[39m=\u001b[32m\"0 0 24 24\"\u001b[39m\n                    \u001b[33mwidth\u001b[39m=\u001b[32m\"15\"\u001b[39m\n                    \u001b[33mxmlns\u001b[39m=\u001b[32m\"http://www.w3.org/2000/svg\"\u001b[39m\n                  \u001b[36m>\u001b[39m\n                    \u001b[36m<path\u001b[39m\n                      \u001b[33md\u001b[39m=\u001b[32m\"M8 2v4\"\u001b[39m\n                    \u001b[36m/>\u001b[39m\n                    \u001b[36m<path\u001b[39m\n                      \u001b[33md\u001b[39m=\u001b[32m\"M16 2v4\"\u001b[39m\n                    \u001b[36m/>\u001b[39m\n                    \u001b[36m<rect\u001b[39m\n                      \u001b[33mheight\u001b[39m=\u001b[32m\"18\"\u001b[39m\n                      \u001b[33mrx\u001b[39m=\u001b[32m\"2\"\u001b[39m\n                      \u001b[33mwidth\u001b[39m=\u001b[...\n    at Object.getElementError (/Users/suthankan/Desktop/project_management_app/frontend/web/node_modules/@testing-library/dom/dist/config.js:37:19)\n    at /Users/suthankan/Desktop/project_management_app/frontend/web/node_modules/@testing-library/dom/dist/query-helpers.js:76:38\n    at /Users/suthankan/Desktop/project_management_app/frontend/web/node_modules/@testing-library/dom/dist/query-helpers.js:109:15\n    at Object.getAllByRole (/Users/suthankan/Desktop/project_management_app/frontend/web/app/(project)/kanban/components/TimelineView.test.tsx:94:19)\n    at Promise.finally.completed (/Users/suthankan/Desktop/project_management_app/frontend/web/node_modules/jest-circus/build/jestAdapterInit.js:1557:28)\n    at new Promise (<anonymous>)\n    at callAsyncCircusFn (/Users/suthankan/Desktop/project_management_app/frontend/web/node_modules/jest-circus/build/jestAdapterInit.js:1497:10)\n    at _callCircusTest (/Users/suthankan/Desktop/project_management_app/frontend/web/node_modules/jest-circus/build/jestAdapterInit.js:1007:40)\n    at processTicksAndRejections (node:internal/process/task_queues:104:5)\n    at _runTest (/Users/suthankan/Desktop/project_management_app/frontend/web/node_modules/jest-circus/build/jestAdapterInit.js:947:3)\n    at /Users/suthankan/Desktop/project_management_app/frontend/web/node_modules/jest-circus/build/jestAdapterInit.js:849:7\n    at _runTestsForDescribeBlock (/Users/suthankan/Desktop/project_management_app/frontend/web/node_modules/jest-circus/build/jestAdapterInit.js:862:11)\n    at _runTestsForDescribeBlock (/Users/suthankan/Desktop/project_management_app/frontend/web/node_modules/jest-circus/build/jestAdapterInit.js:857:11)\n    at run (/Users/suthankan/Desktop/project_management_app/frontend/web/node_modules/jest-circus/build/jestAdapterInit.js:761:3)\n    at runAndTransformResultsToJestFormat (/Users/suthankan/Desktop/project_management_app/frontend/web/node_modules/jest-circus/build/jestAdapterInit.js:1918:21)\n    at jestAdapter (/Users/suthankan/Desktop/project_management_app/frontend/web/node_modules/jest-circus/build/runner.js:101:19)\n    at runTestInternal (/Users/suthankan/Desktop/project_management_app/frontend/web/node_modules/jest-runner/build/testWorker.js:275:16)\n    at runTest (/Users/suthankan/Desktop/project_management_app/frontend/web/node_modules/jest-runner/build/testWorker.js:343:7)\n    at Object.worker (/Users/suthankan/Desktop/project_management_app/frontend/web/node_modules/jest-runner/build/testWorker.js:497:12)"],"fullName":"TimelineView groups scheduled tasks and persists drag date updates","invocations":1,"location":null,"numPassingAsserts":0,"retryReasons":[],"startAt":1784961805886,"status":"failed","title":"groups scheduled tasks and persists drag date updates"}],"endTime":1784961805980,"message":"  ● TimelineView › renders scheduled work and lets unscheduled tasks be scheduled from the tray\n\n    TestingLibraryElementError: Unable to find an element with the text: Build API. This could be because the text is broken up by multiple elements. In this case, you can provide a function for your text matcher to make your matcher more flexible.\n\n    Ignored nodes: comments, script, style\n    \u001b[36m<body>\u001b[39m\n      \u001b[36m<div>\u001b[39m\n        \u001b[36m<div\u001b[39m\n          \u001b[33mclass\u001b[39m=\u001b[32m\"space-y-4\"\u001b[39m\n        \u001b[36m>\u001b[39m\n          \u001b[36m<div\u001b[39m\n            \u001b[33mclass\u001b[39m=\u001b[32m\"rounded-xl border border-cu-border bg-cu-bg p-3 shadow-cu-sm\"\u001b[39m\n          \u001b[36m>\u001b[39m\n            \u001b[36m<div\u001b[39m\n              \u001b[33mclass\u001b[39m=\u001b[32m\"flex flex-col gap-3 xl:flex-row xl:items-center xl:justify-between\"\u001b[39m\n            \u001b[36m>\u001b[39m\n              \u001b[36m<div\u001b[39m\n                \u001b[33mclass\u001b[39m=\u001b[32m\"flex min-w-0 flex-1 flex-col gap-3 lg:flex-row lg:items-center\"\u001b[39m\n              \u001b[36m>\u001b[39m\n                \u001b[36m<div\u001b[39m\n                  \u001b[33mclass\u001b[39m=\u001b[32m\"relative min-w-0 flex-1 lg:max-w-sm\"\u001b[39m\n                \u001b[36m>\u001b[39m\n                  \u001b[36m<svg\u001b[39m\n                    \u001b[33maria-hidden\u001b[39m=\u001b[32m\"true\"\u001b[39m\n                    \u001b[33mclass\u001b[39m=\u001b[32m\"lucide lucide-search pointer-events-none absolute left-3 top-1/2 -translate-y-1/2 text-cu-text-muted\"\u001b[39m\n                    \u001b[33mfill\u001b[39m=\u001b[32m\"none\"\u001b[39m\n                    \u001b[33mheight\u001b[39m=\u001b[32m\"15\"\u001b[39m\n                    \u001b[33mstroke\u001b[39m=\u001b[32m\"currentColor\"\u001b[39m\n                    \u001b[33mstroke-linecap\u001b[39m=\u001b[32m\"round\"\u001b[39m\n                    \u001b[33mstroke-linejoin\u001b[39m=\u001b[32m\"round\"\u001b[39m\n                    \u001b[33mstroke-width\u001b[39m=\u001b[32m\"2\"\u001b[39m\n                    \u001b[33mviewBox\u001b[39m=\u001b[32m\"0 0 24 24\"\u001b[39m\n                    \u001b[33mwidth\u001b[39m=\u001b[32m\"15\"\u001b[39m\n                    \u001b[33mxmlns\u001b[39m=\u001b[32m\"http://www.w3.org/2000/svg\"\u001b[39m\n                  \u001b[36m>\u001b[39m\n                    \u001b[36m<path\u001b[39m\n                      \u001b[33md\u001b[39m=\u001b[32m\"m21 21-4.34-4.34\"\u001b[39m\n                    \u001b[36m/>\u001b[39m\n                    \u001b[36m<circle\u001b[39m\n                      \u001b[33mcx\u001b[39m=\u001b[32m\"11\"\u001b[39m\n                      \u001b[33mcy\u001b[39m=\u001b[32m\"11\"\u001b[39m\n                      \u001b[33mr\u001b[39m=\u001b[32m\"8\"\u001b[39m\n                    \u001b[36m/>\u001b[39m\n                  \u001b[36m</svg>\u001b[39m\n                  \u001b[36m<input\u001b[39m\n                    \u001b[33mclass\u001b[39m=\u001b[32m\"h-10 w-full rounded-lg border border-cu-border bg-cu-bg-secondary pl-9 pr-9 text-sm text-cu-text-primary outline-none transition-colors placeholder:text-cu-text-muted focus:border-cu-primary focus:bg-cu-bg focus:ring-2 focus:ring-cu-primary/15\"\u001b[39m\n                    \u001b[33mplaceholder\u001b[39m=\u001b[32m\"Search tasks, assignees, milestones\"\u001b[39m\n                    \u001b[33mvalue\u001b[39m=\u001b[32m\"\"\u001b[39m\n                  \u001b[36m/>\u001b[39m\n                \u001b[36m</div>\u001b[39m\n                \u001b[36m<div\u001b[39m\n                  \u001b[33mclass\u001b[39m=\u001b[32m\"hidden items-center gap-2 xl:flex\"\u001b[39m\n                \u001b[36m>\u001b[39m\n                  \u001b[36m<label\u001b[39m\n                    \u001b[33mclass\u001b[39m=\u001b[32m\"relative inline-flex h-10 items-center rounded-lg border border-cu-border bg-cu-bg-secondary pl-3 pr-8 text-sm font-bold text-cu-text-primary transition-colors hover:bg-cu-hover\"\u001b[39m\n                  \u001b[36m>\u001b[39m\n                    \u001b[36m<span\u001b[39m\n                      \u001b[33mclass\u001b[39m=\u001b[32m\"mr-2 text-cu-text-muted\"\u001b[39m\n                    \u001b[36m>\u001b[39m\n                      \u001b[36m<svg\u001b[39m\n                        \u001b[33maria-hidden\u001b[39m=\u001b[32m\"true\"\u001b[39m\n                        \u001b[33mclass\u001b[39m=\u001b[32m\"lucide lucide-funnel\"\u001b[39m\n                        \u001b[33mfill\u001b[39m=\u001b[32m\"none\"\u001b[39m\n                        \u001b[33mheight\u001b[39m=\u001b[32m\"15\"\u001b[39m\n                        \u001b[33mstroke\u001b[39m=\u001b[32m\"currentColor\"\u001b[39m\n                        \u001b[33mstroke-linecap\u001b[39m=\u001b[32m\"round\"\u001b[39m\n                        \u001b[33mstroke-linejoin\u001b[39m=\u001b[32m\"round\"\u001b[39m\n                        \u001b[33mstroke-width\u001b[39m=\u001b[32m\"2\"\u001b[39m\n                        \u001b[33mviewBox\u001b[39m=\u001b[32m\"0 0 24 24\"\u001b[39m\n                        \u001b[33mwidth\u001b[39m=\u001b[32m\"15\"\u001b[39m\n                        \u001b[33mxmlns\u001b[39m=\u001b[32m\"http://www.w3.org/2000/svg\"\u001b[39m\n                      \u001b[36m>\u001b[39m\n                        \u001b[36m<path\u001b[39m\n                          \u001b[33md\u001b[39m=\u001b[32m\"M10 20a1 1 0 0 0 .553.895l2 1A1 1 0 0 0 14 21v-7a2 2 0 0 1 .517-1.341L21.74 4.67A1 1 0 0 0 21 3H3a1 1 0 0 0-.742 1.67l7.225 7.989A2 2 0 0 1 10 14z\"\u001b[39m\n                        \u001b[36m/>\u001b[39m\n                      \u001b[36m</svg>\u001b[39m\n                    \u001b[36m</span>\u001b[39m\n                    \u001b[36m<span\u001b[39m\n                      \u001b[33mclass\u001b[39m=\u001b[32m\"sr-only\"\u001b[39m\n                    \u001b[36m>\u001b[39m\n                      \u001b[0mAssignee\u001b[0m\n                    \u001b[36m</span>\u001b[39m\n                    \u001b[36m<select\u001b[39m\n                      \u001b[33mclass\u001b[39m=\u001b[32m\"max-w-[11rem] appearance-none bg-transparent text-sm font-bold outline-none\"\u001b[39m\n                    \u001b[36m>\u001b[39m\n                      \u001b[36m<option\u001b[39m\n                        \u001b[33mvalue\u001b[39m=\u001b[32m\"\"\u001b[39m\n                      \u001b[36m>\u001b[39m\n                        \u001b[0mAll assignees\u001b[0m\n                      \u001b[36m</option>\u001b[39m\n                    \u001b[36m</select>\u001b[39m\n                    \u001b[36m<svg\u001b[39m\n                      \u001b[33maria-hidden\u001b[39m=\u001b[32m\"true\"\u001b[39m\n                      \u001b[33mclass\u001b[39m=\u001b[32m\"lucide lucide-chevron-down pointer-events-none absolute right-2.5 text-cu-text-muted\"\u001b[39m\n                      \u001b[33mfill\u001b[39m=\u001b[32m\"none\"\u001b[39m\n                      \u001b[33mheight\u001b[39m=\u001b[32m\"14\"\u001b[39m\n                      \u001b[33mstroke\u001b[39m=\u001b[32m\"currentColor\"\u001b[39m\n                      \u001b[33mstroke-linecap\u001b[39m=\u001b[32m\"round\"\u001b[39m\n                      \u001b[33mstroke-linejoin\u001b[39m=\u001b[32m\"round\"\u001b[39m\n                      \u001b[33mstroke-width\u001b[39m=\u001b[32m\"2\"\u001b[39m\n                      \u001b[33mviewBox\u001b[39m=\u001b[32m\"0 0 24 24\"\u001b[39m\n                      \u001b[33mwidth\u001b[39m=\u001b[32m\"14\"\u001b[39m\n                      \u001b[33mxmlns\u001b[39m=\u001b[32m\"http://www.w3.org/2000/svg\"\u001b[39m\n                    \u001b[36m>\u001b[39m\n                      \u001b[36m<path\u001b[39m\n                        \u001b[33md\u001b[39m=\u001b[32m\"m6 9 6 6 6-6\"\u001b[39m\n                      \u001b[36m/>\u001b[39m\n                    \u001b[36m</svg>\u001b[39m\n                  \u001b[36m</label>\u001b[39m\n                  \u001b[36m<label\u001b[39m\n                    \u001b[33mclass\u001b[39m=\u001b[32m\"relative inline-flex h-10 items-center rounded-lg border border-cu-border bg-cu-bg-secondary pl-3 pr-8 text-sm font-bold text-cu-text-primary transition-colors hover:bg-cu-hover\"\u001b[39m\n                  \u001b[36m>\u001b[39m\n                    \u001b[36m<span\u001b[39m\n                      \u001b[33mclass\u001b[39m=\u001b[32m\"mr-2 text-cu-text-muted\"\u001b[39m\n                    \u001b[36m>\u001b[39m\n                      \u001b[36m<svg\u001b[39m\n                        \u001b[33maria-hidden\u001b[39m=\u001b[32m\"true\"\u001b[39m\n                        \u001b[33mclass\u001b[39m=\u001b[32m\"lucide lucide-calendar-days\"\u001b[39m\n                        \u001b[33mfill\u001b[39m=\u001b[32m\"none\"\u001b[39m\n                        \u001b[33mheight\u001b[39m=\u001b[32m\"15\"\u001b[39m\n                        \u001b[33mstroke\u001b[39m=\u001b[32m\"currentColor\"\u001b[39m\n                        \u001b[33mstroke-linecap\u001b[39m=\u001b[32m\"round\"\u001b[39m\n                        \u001b[33mstroke-linejoin\u001b[39m=\u001b[32m\"round\"\u001b[39m\n                        \u001b[33mstroke-width\u001b[39m=\u001b[32m\"2\"\u001b[39m\n                        \u001b[33mviewBox\u001b[39m=\u001b[32m\"0 0 24 24\"\u001b[39m\n                        \u001b[33mwidth\u001b[39m=\u001b[32m\"15\"\u001b[39m\n                        \u001b[33mxmlns\u001b[39m=\u001b[32m\"http://www.w3.org/2000/svg\"\u001b[39m\n                      \u001b[36m>\u001b[39m\n                        \u001b[36m<path\u001b[39m\n                          \u001b[33md\u001b[39m=\u001b[32m\"M8 2v4\"\u001b[39m\n                        \u001b[36m/>\u001b[39m\n                        \u001b[36m<path\u001b[39m\n                          \u001b[33md\u001b[39m=\u001b[32m\"M16 2v4\"\u001b[39m\n                        \u001b[36m/>\u001b[39m\n                        \u001b[36m<rect\u001b[39m\n                          \u001b[33mheight\u001b[39m=\u001b[32m\"18\"\u001b[39m\n                          \u001b[33mrx\u001b[39m=\u001b[32m\"2\"\u001b[39m\n                          \u001b[33mwidth\u001b[39m=\u001b[...\n\n      57 |     render(<TimelineView tasks={tasks} onTaskUpdated={onTaskUpdated} />);\n      58 |\n    > 59 |     expect(screen.getAllByText('Build API').length).toBeGreaterThan(0);\n         |                   ^\n      60 |     expect(screen.getByText('Unscheduled work')).toBeInTheDocument();\n      61 |\n      62 |     fireEvent.click(screen.getByRole('button', { name: 'Schedule today' }));\n\n      at Object.getElementError (node_modules/@testing-library/dom/dist/config.js:37:19)\n      at node_modules/@testing-library/dom/dist/query-helpers.js:76:38\n      at node_modules/@testing-library/dom/dist/query-helpers.js:109:15\n      at Object.getAllByText (/Users/suthankan/Desktop/project_management_app/frontend/web/app/(project)../../../../../../kanban/components/TimelineView.test.tsx:59:19)\n\n  ● TimelineView › shows a filtered empty state and can clear filters\n\n    TestingLibraryElementError: Unable to find an element with the text: Build API. This could be because the text is broken up by multiple elements. In this case, you can provide a function for your text matcher to make your matcher more flexible.\n\n    Ignored nodes: comments, script, style\n    \u001b[36m<body>\u001b[39m\n      \u001b[36m<div>\u001b[39m\n        \u001b[36m<div\u001b[39m\n          \u001b[33mclass\u001b[39m=\u001b[32m\"space-y-4\"\u001b[39m\n        \u001b[36m>\u001b[39m\n          \u001b[36m<div\u001b[39m\n            \u001b[33mclass\u001b[39m=\u001b[32m\"rounded-xl border border-cu-border bg-cu-bg p-3 shadow-cu-sm\"\u001b[39m\n          \u001b[36m>\u001b[39m\n            \u001b[36m<div\u001b[39m\n              \u001b[33mclass\u001b[39m=\u001b[32m\"flex flex-col gap-3 xl:flex-row xl:items-center xl:justify-between\"\u001b[39m\n            \u001b[36m>\u001b[39m\n              \u001b[36m<div\u001b[39m\n                \u001b[33mclass\u001b[39m=\u001b[32m\"flex min-w-0 flex-1 flex-col gap-3 lg:flex-row lg:items-center\"\u001b[39m\n              \u001b[36m>\u001b[39m\n                \u001b[36m<div\u001b[39m\n                  \u001b[33mclass\u001b[39m=\u001b[32m\"relative min-w-0 flex-1 lg:max-w-sm\"\u001b[39m\n                \u001b[36m>\u001b[39m\n                  \u001b[36m<svg\u001b[39m\n                    \u001b[33maria-hidden\u001b[39m=\u001b[32m\"true\"\u001b[39m\n                    \u001b[33mclass\u001b[39m=\u001b[32m\"lucide lucide-search pointer-events-none absolute left-3 top-1/2 -translate-y-1/2 text-cu-text-muted\"\u001b[39m\n                    \u001b[33mfill\u001b[39m=\u001b[32m\"none\"\u001b[39m\n                    \u001b[33mheight\u001b[39m=\u001b[32m\"15\"\u001b[39m\n                    \u001b[33mstroke\u001b[39m=\u001b[32m\"currentColor\"\u001b[39m\n                    \u001b[33mstroke-linecap\u001b[39m=\u001b[32m\"round\"\u001b[39m\n                    \u001b[33mstroke-linejoin\u001b[39m=\u001b[32m\"round\"\u001b[39m\n                    \u001b[33mstroke-width\u001b[39m=\u001b[32m\"2\"\u001b[39m\n                    \u001b[33mviewBox\u001b[39m=\u001b[32m\"0 0 24 24\"\u001b[39m\n                    \u001b[33mwidth\u001b[39m=\u001b[32m\"15\"\u001b[39m\n                    \u001b[33mxmlns\u001b[39m=\u001b[32m\"http://www.w3.org/2000/svg\"\u001b[39m\n                  \u001b[36m>\u001b[39m\n                    \u001b[36m<path\u001b[39m\n                      \u001b[33md\u001b[39m=\u001b[32m\"m21 21-4.34-4.34\"\u001b[39m\n                    \u001b[36m/>\u001b[39m\n                    \u001b[36m<circle\u001b[39m\n                      \u001b[33mcx\u001b[39m=\u001b[32m\"11\"\u001b[39m\n                      \u001b[33mcy\u001b[39m=\u001b[32m\"11\"\u001b[39m\n                      \u001b[33mr\u001b[39m=\u001b[32m\"8\"\u001b[39m\n                    \u001b[36m/>\u001b[39m\n                  \u001b[36m</svg>\u001b[39m\n                  \u001b[36m<input\u001b[39m\n                    \u001b[33mclass\u001b[39m=\u001b[32m\"h-10 w-full rounded-lg border border-cu-border bg-cu-bg-secondary pl-9 pr-9 text-sm text-cu-text-primary outline-none transition-colors placeholder:text-cu-text-muted focus:border-cu-primary focus:bg-cu-bg focus:ring-2 focus:ring-cu-primary/15\"\u001b[39m\n                    \u001b[33mplaceholder\u001b[39m=\u001b[32m\"Search tasks, assignees, milestones\"\u001b[39m\n                    \u001b[33mvalue\u001b[39m=\u001b[32m\"\"\u001b[39m\n                  \u001b[36m/>\u001b[39m\n                \u001b[36m</div>\u001b[39m\n                \u001b[36m<div\u001b[39m\n                  \u001b[33mclass\u001b[39m=\u001b[32m\"hidden items-center gap-2 xl:flex\"\u001b[39m\n                \u001b[36m>\u001b[39m\n                  \u001b[36m<label\u001b[39m\n                    \u001b[33mclass\u001b[39m=\u001b[32m\"relative inline-flex h-10 items-center rounded-lg border border-cu-border bg-cu-bg-secondary pl-3 pr-8 text-sm font-bold text-cu-text-primary transition-colors hover:bg-cu-hover\"\u001b[39m\n                  \u001b[36m>\u001b[39m\n                    \u001b[36m<span\u001b[39m\n                      \u001b[33mclass\u001b[39m=\u001b[32m\"mr-2 text-cu-text-muted\"\u001b[39m\n                    \u001b[36m>\u001b[39m\n                      \u001b[36m<svg\u001b[39m\n                        \u001b[33maria-hidden\u001b[39m=\u001b[32m\"true\"\u001b[39m\n                        \u001b[33mclass\u001b[39m=\u001b[32m\"lucide lucide-funnel\"\u001b[39m\n                        \u001b[33mfill\u001b[39m=\u001b[32m\"none\"\u001b[39m\n                        \u001b[33mheight\u001b[39m=\u001b[32m\"15\"\u001b[39m\n                        \u001b[33mstroke\u001b[39m=\u001b[32m\"currentColor\"\u001b[39m\n                        \u001b[33mstroke-linecap\u001b[39m=\u001b[32m\"round\"\u001b[39m\n                        \u001b[33mstroke-linejoin\u001b[39m=\u001b[32m\"round\"\u001b[39m\n                        \u001b[33mstroke-width\u001b[39m=\u001b[32m\"2\"\u001b[39m\n                        \u001b[33mviewBox\u001b[39m=\u001b[32m\"0 0 24 24\"\u001b[39m\n                        \u001b[33mwidth\u001b[39m=\u001b[32m\"15\"\u001b[39m\n                        \u001b[33mxmlns\u001b[39m=\u001b[32m\"http://www.w3.org/2000/svg\"\u001b[39m\n                      \u001b[36m>\u001b[39m\n                        \u001b[36m<path\u001b[39m\n                          \u001b[33md\u001b[39m=\u001b[32m\"M10 20a1 1 0 0 0 .553.895l2 1A1 1 0 0 0 14 21v-7a2 2 0 0 1 .517-1.341L21.74 4.67A1 1 0 0 0 21 3H3a1 1 0 0 0-.742 1.67l7.225 7.989A2 2 0 0 1 10 14z\"\u001b[39m\n                        \u001b[36m/>\u001b[39m\n                      \u001b[36m</svg>\u001b[39m\n                    \u001b[36m</span>\u001b[39m\n                    \u001b[36m<span\u001b[39m\n                      \u001b[33mclass\u001b[39m=\u001b[32m\"sr-only\"\u001b[39m\n                    \u001b[36m>\u001b[39m\n                      \u001b[0mAssignee\u001b[0m\n                    \u001b[36m</span>\u001b[39m\n                    \u001b[36m<select\u001b[39m\n                      \u001b[33mclass\u001b[39m=\u001b[32m\"max-w-[11rem] appearance-none bg-transparent text-sm font-bold outline-none\"\u001b[39m\n                    \u001b[36m>\u001b[39m\n                      \u001b[36m<option\u001b[39m\n                        \u001b[33mvalue\u001b[39m=\u001b[32m\"\"\u001b[39m\n                      \u001b[36m>\u001b[39m\n                        \u001b[0mAll assignees\u001b[0m\n                      \u001b[36m</option>\u001b[39m\n                    \u001b[36m</select>\u001b[39m\n                    \u001b[36m<svg\u001b[39m\n                      \u001b[33maria-hidden\u001b[39m=\u001b[32m\"true\"\u001b[39m\n                      \u001b[33mclass\u001b[39m=\u001b[32m\"lucide lucide-chevron-down pointer-events-none absolute right-2.5 text-cu-text-muted\"\u001b[39m\n                      \u001b[33mfill\u001b[39m=\u001b[32m\"none\"\u001b[39m\n                      \u001b[33mheight\u001b[39m=\u001b[32m\"14\"\u001b[39m\n                      \u001b[33mstroke\u001b[39m=\u001b[32m\"currentColor\"\u001b[39m\n                      \u001b[33mstroke-linecap\u001b[39m=\u001b[32m\"round\"\u001b[39m\n                      \u001b[33mstroke-linejoin\u001b[39m=\u001b[32m\"round\"\u001b[39m\n                      \u001b[33mstroke-width\u001b[39m=\u001b[32m\"2\"\u001b[39m\n                      \u001b[33mviewBox\u001b[39m=\u001b[32m\"0 0 24 24\"\u001b[39m\n                      \u001b[33mwidth\u001b[39m=\u001b[32m\"14\"\u001b[39m\n                      \u001b[33mxmlns\u001b[39m=\u001b[32m\"http://www.w3.org/2000/svg\"\u001b[39m\n                    \u001b[36m>\u001b[39m\n                      \u001b[36m<path\u001b[39m\n                        \u001b[33md\u001b[39m=\u001b[32m\"m6 9 6 6 6-6\"\u001b[39m\n                      \u001b[36m/>\u001b[39m\n                    \u001b[36m</svg>\u001b[39m\n                  \u001b[36m</label>\u001b[39m\n                  \u001b[36m<label\u001b[39m\n                    \u001b[33mclass\u001b[39m=\u001b[32m\"relative inline-flex h-10 items-center rounded-lg border border-cu-border bg-cu-bg-secondary pl-3 pr-8 text-sm font-bold text-cu-text-primary transition-colors hover:bg-cu-hover\"\u001b[39m\n                  \u001b[36m>\u001b[39m\n                    \u001b[36m<span\u001b[39m\n                      \u001b[33mclass\u001b[39m=\u001b[32m\"mr-2 text-cu-text-muted\"\u001b[39m\n                    \u001b[36m>\u001b[39m\n                      \u001b[36m<svg\u001b[39m\n                        \u001b[33maria-hidden\u001b[39m=\u001b[32m\"true\"\u001b[39m\n                        \u001b[33mclass\u001b[39m=\u001b[32m\"lucide lucide-calendar-days\"\u001b[39m\n                        \u001b[33mfill\u001b[39m=\u001b[32m\"none\"\u001b[39m\n                        \u001b[33mheight\u001b[39m=\u001b[32m\"15\"\u001b[39m\n                        \u001b[33mstroke\u001b[39m=\u001b[32m\"currentColor\"\u001b[39m\n                        \u001b[33mstroke-linecap\u001b[39m=\u001b[32m\"round\"\u001b[39m\n                        \u001b[33mstroke-linejoin\u001b[39m=\u001b[32m\"round\"\u001b[39m\n                        \u001b[33mstroke-width\u001b[39m=\u001b[32m\"2\"\u001b[39m\n                        \u001b[33mviewBox\u001b[39m=\u001b[32m\"0 0 24 24\"\u001b[39m\n                        \u001b[33mwidth\u001b[39m=\u001b[32m\"15\"\u001b[39m\n                        \u001b[33mxmlns\u001b[39m=\u001b[32m\"http://www.w3.org/2000/svg\"\u001b[39m\n                      \u001b[36m>\u001b[39m\n                        \u001b[36m<path\u001b[39m\n                          \u001b[33md\u001b[39m=\u001b[32m\"M8 2v4\"\u001b[39m\n                        \u001b[36m/>\u001b[39m\n                        \u001b[36m<path\u001b[39m\n                          \u001b[33md\u001b[39m=\u001b[32m\"M16 2v4\"\u001b[39m\n                        \u001b[36m/>\u001b[39m\n                        \u001b[36m<rect\u001b[39m\n                          \u001b[33mheight\u001b[39m=\u001b[32m\"18\"\u001b[39m\n                          \u001b[33mrx\u001b[39m=\u001b[32m\"2\"\u001b[39m\n                          \u001b[33mwidth\u001b[39m=\u001b[...\n\n      85 |     expect(screen.getByText('No scheduled work matches your filters')).toBeInTheDocument();\n      86 |     fireEvent.click(screen.getByRole('button', { name: 'Clear filters' }));\n    > 87 |     expect(screen.getAllByText('Build API').length).toBeGreaterThan(0);\n         |                   ^\n      88 |   });\n      89 |\n      90 |   it('groups scheduled tasks and persists drag date updates', async () => {\n\n      at Object.getElementError (node_modules/@testing-library/dom/dist/config.js:37:19)\n      at node_modules/@testing-library/dom/dist/query-helpers.js:76:38\n      at node_modules/@testing-library/dom/dist/query-helpers.js:109:15\n      at Object.getAllByText (/Users/suthankan/Desktop/project_management_app/frontend/web/app/(project)../../../../../../kanban/components/TimelineView.test.tsx:87:19)\n\n  ● TimelineView › groups scheduled tasks and persists drag date updates\n\n    TestingLibraryElementError: Unable to find an accessible element with the role \"button\" and name `/IN PROGRESS/`\n\n    Here are the accessible roles:\n\n      textbox:\n\n      Name \"\":\n      \u001b[36m<input\u001b[39m\n        \u001b[33mclass\u001b[39m=\u001b[32m\"h-10 w-full rounded-lg border border-cu-border bg-cu-bg-secondary pl-9 pr-9 text-sm text-cu-text-primary outline-none transition-colors placeholder:text-cu-text-muted focus:border-cu-primary focus:bg-cu-bg focus:ring-2 focus:ring-cu-primary/15\"\u001b[39m\n        \u001b[33mplaceholder\u001b[39m=\u001b[32m\"Search tasks, assignees, milestones\"\u001b[39m\n        \u001b[33mvalue\u001b[39m=\u001b[32m\"\"\u001b[39m\n      \u001b[36m/>\u001b[39m\n\n      --------------------------------------------------\n      combobox:\n\n      Name \"Assignee\":\n      \u001b[36m<select\u001b[39m\n        \u001b[33mclass\u001b[39m=\u001b[32m\"max-w-[11rem] appearance-none bg-transparent text-sm font-bold outline-none\"\u001b[39m\n      \u001b[36m/>\u001b[39m\n\n      Name \"Milestone\":\n      \u001b[36m<select\u001b[39m\n        \u001b[33mclass\u001b[39m=\u001b[32m\"max-w-[11rem] appearance-none bg-transparent text-sm font-bold outline-none\"\u001b[39m\n      \u001b[36m/>\u001b[39m\n\n      Name \"Group by\":\n      \u001b[36m<select\u001b[39m\n        \u001b[33mclass\u001b[39m=\u001b[32m\"max-w-[11rem] appearance-none bg-transparent text-sm font-bold outline-none\"\u001b[39m\n      \u001b[36m/>\u001b[39m\n\n      --------------------------------------------------\n      option:\n\n      Name \"All assignees\":\n      \u001b[36m<option\u001b[39m\n        \u001b[33mvalue\u001b[39m=\u001b[32m\"\"\u001b[39m\n      \u001b[36m/>\u001b[39m\n\n      Name \"All milestones\":\n      \u001b[36m<option\u001b[39m\n        \u001b[33mvalue\u001b[39m=\u001b[32m\"\"\u001b[39m\n      \u001b[36m/>\u001b[39m\n\n      Name \"No milestone\":\n      \u001b[36m<option\u001b[39m\n        \u001b[33mvalue\u001b[39m=\u001b[32m\"__none__\"\u001b[39m\n      \u001b[36m/>\u001b[39m\n\n      Name \"No grouping\":\n      \u001b[36m<option\u001b[39m\n        \u001b[33mvalue\u001b[39m=\u001b[32m\"none\"\u001b[39m\n      \u001b[36m/>\u001b[39m\n\n      Name \"Status\":\n      \u001b[36m<option\u001b[39m\n        \u001b[33mvalue\u001b[39m=\u001b[32m\"status\"\u001b[39m\n      \u001b[36m/>\u001b[39m\n\n      Name \"Assignee\":\n      \u001b[36m<option\u001b[39m\n        \u001b[33mvalue\u001b[39m=\u001b[32m\"assignee\"\u001b[39m\n      \u001b[36m/>\u001b[39m\n\n      Name \"Milestone\":\n      \u001b[36m<option\u001b[39m\n        \u001b[33mvalue\u001b[39m=\u001b[32m\"milestone\"\u001b[39m\n      \u001b[36m/>\u001b[39m\n\n      --------------------------------------------------\n      button:\n\n      Name \"Weekends\":\n      \u001b[36m<button\u001b[39m\n        \u001b[33mclass\u001b[39m=\u001b[32m\"inline-flex h-10 items-center gap-2 rounded-lg border px-3 text-sm font-bold transition-colors border-cu-border bg-cu-bg-secondary text-cu-text-primary hover:bg-cu-hover\"\u001b[39m\n        \u001b[33mtype\u001b[39m=\u001b[32m\"button\"\u001b[39m\n      \u001b[36m/>\u001b[39m\n\n      Name \"Done\":\n      \u001b[36m<button\u001b[39m\n        \u001b[33mclass\u001b[3
[...]
end/web/node_modules/@testing-library/dom/dist/config.js:47:12)\n    at checkCallback (/Users/suthankan/Desktop/project_management_app/frontend/web/node_modules/@testing-library/dom/dist/wait-for.js:124:77)\n    at checkRealTimersCallback (/Users/suthankan/Desktop/project_management_app/frontend/web/node_modules/@testing-library/dom/dist/wait-for.js:118:16)\n    at Timeout.task [as _onTimeout] (/Users/suthankan/Desktop/project_management_app/frontend/web/node_modules/jsdom/lib/jsdom/browser/Window.js:579:19)\n    at listOnTimeout (node:internal/timers:605:17)\n    at processTimers (node:internal/timers:541:7)"],"fullName":"TaskPage cache and invalidation WebSocket Invalidation: invalidates and refetches when WebSocket task events are received for the task ID","invocations":1,"location":null,"numPassingAsserts":2,"retryReasons":[],"startAt":1784961808719,"status":"failed","title":"WebSocket Invalidation: invalidates and refetches when WebSocket task events are received for the task ID"},{"ancestorTitles":["TaskPage cache and invalidation"],"duration":8,"failing":false,"failureDetails":[],"failureMessages":[],"fullName":"TaskPage cache and invalidation Archive/Close Invalidation: clears cached item if onClose was called with wasModified=true","invocations":1,"location":null,"numPassingAsserts":5,"retryReasons":[],"startAt":1784961809732,"status":"passed","title":"Archive/Close Invalidation: clears cached item if onClose was called with wasModified=true"}],"endTime":1784961809753,"message":"  ● TaskPage cache and invalidation › Cache Hit: loads non-expired cache instantly and refreshes with API response\n\n    TestingLibraryElementError: Unable to find an element by: [data-testid=\"task-main-content\"]\n\n    Ignored nodes: comments, script, style\n    \u001b[36m<body>\u001b[39m\n      \u001b[36m<div />\u001b[39m\n    \u001b[36m</body>\u001b[39m\n\n      147 |\n      148 |     // Cached title should be visible immediately (no loading screen)\n    > 149 |     expect(screen.getByTestId('task-main-content')).toHaveTextContent('Cached Task Title');\n          |                   ^\n      150 |\n      151 |     // Stale-while-revalidate should update to fresh data\n      152 |     await waitFor(() => {\n\n      at Object.getElementError (node_modules/@testing-library/dom/dist/config.js:37:19)\n      at node_modules/@testing-library/dom/dist/query-helpers.js:76:38\n      at node_modules/@testing-library/dom/dist/query-helpers.js:52:17\n      at node_modules/@testing-library/dom/dist/query-helpers.js:95:19\n      at Object.getByTestId (app/taskcard/page.test.tsx:149:19)\n\n  ● TaskPage cache and invalidation › Corrupt Cache (Invalid JSON): ignores invalid cache, shows loading, and fetches from API\n\n    expect(element).toHaveTextContent()\n\n    Expected element to have text content:\n      Original Task Title\n    Received:\n      Main Content: Fresh API TitleUpdate Title\n\n    Ignored nodes: comments, script, style\n    \u001b[36m<html>\u001b[39m\n      \u001b[36m<head />\u001b[39m\n      \u001b[36m<body>\u001b[39m\n        \u001b[36m<div>\u001b[39m\n          \u001b[36m<div\u001b[39m\n            \u001b[33mclass\u001b[39m=\u001b[32m\"min-h-screen bg-[#F7F8FA] flex items-center justify-center p-3 sm:p-4\"\u001b[39m\n          \u001b[36m>\u001b[39m\n            \u001b[36m<div\u001b[39m\n              \u001b[33mclass\u001b[39m=\u001b[32m\"w-full max-w-[1200px] bg-white border border-[#E5E7EB] shadow-2xl flex flex-col font-sans rounded-2xl overflow-hidden\"\u001b[39m\n              \u001b[33mstyle\u001b[39m=\u001b[32m\"max-height: 94dvh;\"\u001b[39m\n            \u001b[36m>\u001b[39m\n              \u001b[36m<div\u001b[39m\n                \u001b[33mdata-testid\u001b[39m=\u001b[32m\"task-header\"\u001b[39m\n              \u001b[36m>\u001b[39m\n                \u001b[36m<span>\u001b[39m\n                  \u001b[0mHeader: \u001b[0m\n                  \u001b[0mProject Alpha\u001b[0m\n                  \u001b[0m / \u001b[0m\n                  \u001b[0mTASK-123\u001b[0m\n                \u001b[36m</span>\u001b[39m\n                \u001b[36m<button\u001b[39m\n                  \u001b[33mdata-testid\u001b[39m=\u001b[32m\"archive-btn\"\u001b[39m\n                \u001b[36m>\u001b[39m\n                  \u001b[0mArchive (onClose true)\u001b[0m\n                \u001b[36m</button>\u001b[39m\n                \u001b[36m<button\u001b[39m\n                  \u001b[33mdata-testid\u001b[39m=\u001b[32m\"close-btn\"\u001b[39m\n                \u001b[36m>\u001b[39m\n                  \u001b[0mClose (onClose false)\u001b[0m\n                \u001b[36m</button>\u001b[39m\n              \u001b[36m</div>\u001b[39m\n              \u001b[36m<div\u001b[39m\n                \u001b[33mclass\u001b[39m=\u001b[32m\"flex flex-col md:flex-row flex-1 min-h-0 overflow-y-auto md:overflow-hidden\"\u001b[39m\n              \u001b[36m>\u001b[39m\n                \u001b[36m<div\u001b[39m\n                  \u001b[33mdata-testid\u001b[39m=\u001b[32m\"task-main-content\"\u001b[39m\n                \u001b[36m>\u001b[39m\n                  \u001b[36m<span>\u001b[39m\n                    \u001b[0mMain Content: \u001b[0m\n                    \u001b[0mFresh API Title\u001b[0m\n                  \u001b[36m</span>\u001b[39m\n                  \u001b[36m<button\u001b[39m\n                    \u001b[33mdata-testid\u001b[39m=\u001b[32m\"update-title-btn\"\u001b[39m\n                  \u001b[36m>\u001b[39m\n                    \u001b[0mUpdate Title\u001b[0m\n                  \u001b[36m</button>\u001b[39m\n                \u001b[36m</div>\u001b[39m\n                \u001b[36m<div\u001b[39m\n                  \u001b[33mdata-testid\u001b[39m=\u001b[32m\"task-sidebar\"\u001b[39m\n                \u001b[36m>\u001b[39m\n                  \u001b[0mSidebar: \u001b[0m\n                  \u001b[0mTODO\u001b[0m\n                \u001b[36m</div>\u001b[39m\n              \u001b[36m</div>\u001b[39m\n            \u001b[36m</div>\u001b[39m\n          \u001b[36m</div>\u001b[39m\n        \u001b[36m</div>\u001b[39m\n      \u001b[36m</body>\u001b[39m\n    \u001b[36m</html>\u001b[39m\n\n      120 |   const waitForApiFinish = async (expectedText = 'Original Task Title') => {\n      121 |     await waitFor(() => {\n    > 122 |       expect(screen.getByTestId('task-main-content')).toHaveTextContent(expectedText);\n          |                                                       ^\n      123 |     });\n      124 |   };\n      125 |\n\n      at toHaveTextContent (app/taskcard/page.test.tsx:122:55)\n      at runWithExpensiveErrorDiagnosticsDisabled (node_modules/@testing-library/dom/dist/config.js:47:12)\n      at checkCallback (node_modules/@testing-library/dom/dist/wait-for.js:124:77)\n      at checkRealTimersCallback (node_modules/@testing-library/dom/dist/wait-for.js:118:16)\n      at Timeout.task [as _onTimeout] (node_modules/jsdom/lib/jsdom/browser/Window.js:579:19)\n\n  ● TaskPage cache and invalidation › Update Invalidation: clears cached item when local updates are made\n\n    expect(element).toHaveTextContent()\n\n    Expected element to have text content:\n      Updated API Title\n    Received:\n      Main Content: Original Task TitleUpdate Title\n\n    Ignored nodes: comments, script, style\n    \u001b[36m<html>\u001b[39m\n      \u001b[36m<head />\u001b[39m\n      \u001b[36m<body>\u001b[39m\n        \u001b[36m<div>\u001b[39m\n          \u001b[36m<div\u001b[39m\n            \u001b[33mclass\u001b[39m=\u001b[32m\"min-h-screen bg-[#F7F8FA] flex items-center justify-center p-3 sm:p-4\"\u001b[39m\n          \u001b[36m>\u001b[39m\n            \u001b[36m<div\u001b[39m\n              \u001b[33mclass\u001b[39m=\u001b[32m\"w-full max-w-[1200px] bg-white border border-[#E5E7EB] shadow-2xl flex flex-col font-sans rounded-2xl overflow-hidden\"\u001b[39m\n              \u001b[33mstyle\u001b[39m=\u001b[32m\"max-height: 94dvh;\"\u001b[39m\n            \u001b[36m>\u001b[39m\n              \u001b[36m<div\u001b[39m\n                \u001b[33mdata-testid\u001b[39m=\u001b[32m\"task-header\"\u001b[39m\n              \u001b[36m>\u001b[39m\n                \u001b[36m<span>\u001b[39m\n                  \u001b[0mHeader: \u001b[0m\n                  \u001b[0mProject Alpha\u001b[0m\n                  \u001b[0m / \u001b[0m\n                  \u001b[0mTASK-123\u001b[0m\n                \u001b[36m</span>\u001b[39m\n                \u001b[36m<button\u001b[39m\n                  \u001b[33mdata-testid\u001b[39m=\u001b[32m\"archive-btn\"\u001b[39m\n                \u001b[36m>\u001b[39m\n                  \u001b[0mArchive (onClose true)\u001b[0m\n                \u001b[36m</button>\u001b[39m\n                \u001b[36m<button\u001b[39m\n                  \u001b[33mdata-testid\u001b[39m=\u001b[32m\"close-btn\"\u001b[39m\n                \u001b[36m>\u001b[39m\n                  \u001b[0mClose (onClose false)\u001b[0m\n                \u001b[36m</button>\u001b[39m\n              \u001b[36m</div>\u001b[39m\n              \u001b[36m<div\u001b[39m\n                \u001b[33mclass\u001b[39m=\u001b[32m\"flex flex-col md:flex-row flex-1 min-h-0 overflow-y-auto md:overflow-hidden\"\u001b[39m\n              \u001b[36m>\u001b[39m\n                \u001b[36m<div\u001b[39m\n                  \u001b[33mdata-testid\u001b[39m=\u001b[32m\"task-main-content\"\u001b[39m\n                \u001b[36m>\u001b[39m\n                  \u001b[36m<span>\u001b[39m\n                    \u001b[0mMain Content: \u001b[0m\n                    \u001b[0mOriginal Task Title\u001b[0m\n                  \u001b[36m</span>\u001b[39m\n                  \u001b[36m<button\u001b[39m\n                    \u001b[33mdata-testid\u001b[39m=\u001b[32m\"update-title-btn\"\u001b[39m\n                  \u001b[36m>\u001b[39m\n                    \u001b[0mUpdate Title\u001b[0m\n                  \u001b[36m</button>\u001b[39m\n                \u001b[36m</div>\u001b[39m\n                \u001b[36m<div\u001b[39m\n                  \u001b[33mdata-testid\u001b[39m=\u001b[32m\"task-sidebar\"\u001b[39m\n                \u001b[36m>\u001b[39m\n                  \u001b[0mSidebar: \u001b[0m\n                  \u001b[0mTODO\u001b[0m\n                \u001b[36m</div>\u001b[39m\n              \u001b[36m</div>\u001b[39m\n            \u001b[36m</div>\u001b[39m\n          \u001b[36m</div>\u001b[39m\n        \u001b[36m</div>\u001b[39m\n      \u001b[36m</body>\u001b[39m\n    \u001b[36m</html>\u001b[39m\n\n      258 |     // Verify cache is removed/refetched\n      259 |     await waitFor(() => {\n    > 260 |       expect(screen.getByTestId('task-main-content')).toHaveTextContent('Updated API Title');\n          |                                                       ^\n      261 |     });\n      262 |\n      263 |     const cacheValue = JSON.parse(localStorage.getItem('planora:task:123') || '{}');\n\n      at toHaveTextContent (app/taskcard/page.test.tsx:260:55)\n      at runWithExpensiveErrorDiagnosticsDisabled (node_modules/@testing-library/dom/dist/config.js:47:12)\n      at checkCallback (node_modules/@testing-library/dom/dist/wait-for.js:124:77)\n      at checkRealTimersCallback (node_modules/@testing-library/dom/dist/wait-for.js:118:16)\n      at Timeout.task [as _onTimeout] (node_modules/jsdom/lib/jsdom/browser/Window.js:579:19)\n\n  ● TaskPage cache and invalidation › Event Invalidation: invalidates and refetches when planora:task-updated custom event is fired\n\n    expect(element).toHaveTextContent()\n\n    Expected element to have text content:\n      Original Task Title\n    Received:\n      Main Content: Updated API TitleUpdate Title\n\n    Ignored nodes: comments, script, style\n    \u001b[36m<html>\u001b[39m\n      \u001b[36m<head />\u001b[39m\n      \u001b[36m<body>\u001b[39m\n        \u001b[36m<div>\u001b[39m\n          \u001b[36m<div\u001b[39m\n            \u001b[33mclass\u001b[39m=\u001b[32m\"min-h-screen bg-[#F7F8FA] flex items-center justify-center p-3 sm:p-4\"\u001b[39m\n          \u001b[36m>\u001b[39m\n            \u001b[36m<div\u001b[39m\n              \u001b[33mclass\u001b[39m=\u001b[32m\"w-full max-w-[1200px] bg-white border border-[#E5E7EB] shadow-2xl flex flex-col font-sans rounded-2xl overflow-hidden\"\u001b[39m\n              \u001b[33mstyle\u001b[39m=\u001b[32m\"max-height: 94dvh;\"\u001b[39m\n            \u001b[36m>\u001b[39m\n              \u001b[36m<div\u001b[39m\n                \u001b[33mdata-testid\u001b[39m=\u001b[32m\"task-header\"\u001b[39m\n              \u001b[36m>\u001b[39m\n                \u001b[36m<span>\u001b[39m\n                  \u001b[0mHeader: \u001b[0m\n                  \u001b[0mProject Alpha\u001b[0m\n                  \u001b[0m / \u001b[0m\n                  \u001b[0mTASK-123\u001b[0m\n                \u001b[36m</span>\u001b[39m\n                \u001b[36m<button\u001b[39m\n                  \u001b[33mdata-testid\u001b[39m=\u001b[32m\"archive-btn\"\u001b[39m\n                \u001b[36m>\u001b[39m\n                  \u001b[0mArchive (onClose true)\u001b[0m\n                \u001b[36m</button>\u001b[39m\n                \u001b[36m<button\u001b[39m\n                  \u001b[33mdata-testid\u001b[39m=\u001b[32m\"close-btn\"\u001b[39m\n                \u001b[36m>\u001b[39m\n                  \u001b[0mClose (onClose false)\u001b[0m\n                \u001b[36m</button>\u001b[39m\n              \u001b[36m</div>\u001b[39m\n              \u001b[36m<div\u001b[39m\n                \u001b[33mclass\u001b[39m=\u001b[32m\"flex flex-col md:flex-row flex-1 min-h-0 overflow-y-auto md:overflow-hidden\"\u001b[39m\n              \u001b[36m>\u001b[39m\n                \u001b[36m<div\u001b[39m\n                  \u001b[33mdata-testid\u001b[39m=\u001b[32m\"task-main-content\"\u001b[39m\n                \u001b[36m>\u001b[39m\n                  \u001b[36m<span>\u001b[39m\n                    \u001b[0mMain Content: \u001b[0m\n                    \u001b[0mUpdated API Title\u001b[0m\n                  \u001b[36m</span>\u001b[39m\n                  \u001b[36m<button\u001b[39m\n                    \u001b[33mdata-testid\u001b[39m=\u001b[32m\"update-title-btn\"\u001b[39m\n                  \u001b[36m>\u001b[39m\n                    \u001b[0mUpdate Title\u001b[0m\n                  \u001b[36m</button>\u001b[39m\n                \u001b[36m</div>\u001b[39m\n                \u001b[36m<div\u001b[39m\n                  \u001b[33mdata-testid\u001b[39m=\u001b[32m\"task-sidebar\"\u001b[39m\n                \u001b[36m>\u001b[39m\n                  \u001b[0mSidebar: \u001b[0m\n                  \u001b[0mTODO\u001b[0m\n                \u001b[36m</div>\u001b[39m\n              \u001b[36m</div>\u001b[39m\n            \u001b[36m</div>\u001b[39m\n          \u001b[36m</div>\u001b[39m\n        \u001b[36m</div>\u001b[39m\n      \u001b[36m</body>\u001b[39m\n    \u001b[36m</html>\u001b[39m\n\n      281 |\n      282 |     await waitFor(() => {\n    > 283 |       expect(screen.getByTestId('task-main-content')).toHaveTextContent('Original Task Title');\n          |                                                       ^\n      284 |     });\n      285 |\n      286 |     // Dispatch global event for task 123\n\n      at toHaveTextContent (app/taskcard/page.test.tsx:283:55)\n      at runWithExpensiveErrorDiagnosticsDisabled (node_modules/@testing-library/dom/dist/config.js:47:12)\n      at checkCallback (node_modules/@testing-library/dom/dist/wait-for.js:124:77)\n      at checkRealTimersCallback (node_modules/@testing-library/dom/dist/wait-for.js:118:16)\n      at Timeout.task [as _onTimeout] (node_modules/jsdom/lib/jsdom/browser/Window.js:579:19)\n\n  ● TaskPage cache and invalidation › WebSocket Invalidation: invalidates and refetches when WebSocket task events are received for the task ID\n\n    expect(element).toHaveTextContent()\n\n    Expected element to have text content:\n      WS Updated Title\n    Received:\n      Main Content: Refetched TitleUpdate Title\n\n    Ignored nodes: comments, script, style\n    \u001b[36m<html>\u001b[39m\n      \u001b[36m<head />\u001b[39m\n      \u001b[36m<body>\u001b[39m\n        \u001b[36m<div>\u001b[39m\n          \u001b[36m<div\u001b[39m\n            \u001b[33mclass\u001b[39m=\u001b[32m\"min-h-screen bg-[#F7F8FA] flex items-center justify-center p-3 sm:p-4\"\u001b[39m\n          \u001b[36m>\u001b[39m\n            \u001b[36m<div\u001b[39m\n              \u001b[33mclass\u001b[39m=\u001b[32m\"w-full max-w-[1200px] bg-white border border-[#E5E7EB] shadow-2xl flex flex-col font-sans rounded-2xl overflow-hidden\"\u001b[39m\n              \u001b[33mstyle\u001b[39m=\u001b[32m\"max-height: 94dvh;\"\u001b[39m\n            \u001b[36m>\u001b[39m\n              \u001b[36m<div\u001b[39m\n                \u001b[33mdata-testid\u001b[39m=\u001b[32m\"task-header\"\u001b[39m\n              \u001b[36m>\u001b[39m\n                \u001b[36m<span>\u001b[39m\n                  \u001b[0mHeader: \u001b[0m\n                  \u001b[0mProject Alpha\u001b[0m\n                  \u001b[0m / \u001b[0m\n                  \u001b[0mTASK-123\u001b[0m\n                \u001b[36m</span>\u001b[39m\n                \u001b[36m<button\u001b[39m\n                  \u001b[33mdata-testid\u001b[39m=\u001b[32m\"archive-btn\"\u001b[39m\n                \u001b[36m>\u001b[39m\n                  \u001b[0mArchive (onClose true)\u001b[0m\n                \u001b[36m</button>\u001b[39m\n                \u001b[36m<button\u001b[39m\n                  \u001b[33mdata-testid\u001b[39m=\u001b[32m\"close-btn\"\u001b[39m\n                \u001b[36m>\u001b[39m\n                  \u001b[0mClose (onClose false)\u001b[0m\n                \u001b[36m</button>\u001b[39m\n              \u001b[36m</div>\u001b[39m\n              \u001b[36m<div\u001b[39m\n                \u001b[33mclass\u001b[39m=\u001b[32m\"flex flex-col md:flex-row flex-1 min-h-0 overflow-y-auto md:overflow-hidden\"\u001b[39m\n              \u001b[36m>\u001b[39m\n                \u001b[36m<div\u001b[39m\n                  \u001b[33mdata-testid\u001b[39m=\u001b[32m\"task-main-content\"\u001b[39m\n                \u001b[36m>\u001b[39m\n                  \u001b[36m<span>\u001b[39m\n                    \u001b[0mMain Content: \u001b[0m\n                    \u001b[0mRefetched Title\u001b[0m\n                  \u001b[36m</span>\u001b[39m\n                  \u001b[36m<button\u001b[39m\n                    \u001b[33mdata-testid\u001b[39m=\u001b[32m\"update-title-btn\"\u001b[39m\n                  \u001b[36m>\u001b[39m\n                    \u001b[0mUpdate Title\u001b[0m\n                  \u001b[36m</button>\u001b[39m\n                \u001b[36m</div>\u001b[39m\n                \u001b[36m<div\u001b[39m\n                  \u001b[33mdata-testid\u001b[39m=\u001b[32m\"task-sidebar\"\u001b[39m\n                \u001b[36m>\u001b[39m\n                  \u001b[0mSidebar: \u001b[0m\n                  \u001b[0mTODO\u001b[0m\n                \u001b[36m</div>\u001b[39m\n              \u001b[36m</div>\u001b[39m\n            \u001b[36m</div>\u001b[39m\n          \u001b[36m</div>\u001b[39m\n        \u001b[36m</div>\u001b[39m\n      \u001b[36m</body>\u001b[39m\n    \u001b[36m</html>\u001b[39m\n\n      331 |\n      332 |     await waitFor(() => {\n    > 333 |       expect(screen.getByTestId('task-main-content')).toHaveTextContent('WS Updated Title');\n          |                                                       ^\n      334 |     });\n      335 |   });\n      336 |\n\n      at toHaveTextContent (app/taskcard/page.test.tsx:333:55)\n      at runWithExpensiveErrorDiagnosticsDisabled (node_modules/@testing-library/dom/dist/config.js:47:12)\n      at checkCallback (node_modules/@testing-library/dom/dist/wait-for.js:124:77)\n      at checkRealTimersCallback (node_modules/@testing-library/dom/dist/wait-for.js:118:16)\n      at Timeout.task [as _onTimeout] (node_modules/jsdom/lib/jsdom/browser/Window.js:579:19)\n","name":"/Users/suthankan/Desktop/project_management_app/frontend/web/app/taskcard/page.test.tsx","startTime":1784961805186,"status":"failed","summary":""}],"wasInterrupted":false}
